#
# There is insufficient memory for the Java Runtime Environment to continue.
# Native memory allocation (malloc) failed to allocate 32744 bytes for Chunk::new
# Possible reasons:
#   The system is out of physical RAM or swap space
#   The process is running with CompressedOops enabled, and the Java Heap may be blocking the growth of the native heap
# Possible solutions:
#   Reduce memory load on the system
#   Increase physical memory or swap space
#   Check if swap backing store is full
#   Decrease Java heap size (-Xmx/-Xms)
#   Decrease number of Java threads
#   Decrease Java thread stack sizes (-Xss)
#   Set larger code cache with -XX:ReservedCodeCacheSize=
#   JVM is running with Unscaled Compressed Oops mode in which the Java heap is
#     placed in the first 4GB address space. The Java Heap base address is the
#     maximum limit for the native heap growth. Please use -XX:HeapBaseMinAddress
#     to set the Java Heap base and to place the Java Heap above 4GB virtual address.
# This output file may be truncated or incomplete.
#
#  Out of Memory Error (arena.cpp:184), pid=63252, tid=59588
#
# JRE version: Java(TM) SE Runtime Environment (19.0+36) (build 19+36-2238)
# Java VM: Java HotSpot(TM) 64-Bit Server VM (19+36-2238, mixed mode, sharing, tiered, compressed oops, compressed class ptrs, g1 gc, windows-amd64)
# No core dump will be written. Minidumps are not enabled by default on client versions of Windows
#

---------------  S U M M A R Y ------------

Command Line: -Dfile.encoding=UTF-8 base.login1

Host: AMD Athlon Silver 3050U with Radeon Graphics   , 2 cores, 3G,  Windows 11 , 64 bit Build 22000 (10.0.22000.1219)
Time: Tue Dec 20 17:45:39 2022 SE Asia Standard Time elapsed time: 3.656753 seconds (0d 0h 0m 3s)

---------------  T H R E A D  ---------------

Current thread (0x00000256b7a03500):  JavaThread "C1 CompilerThread0" daemon [_thread_in_native, id=59588, stack(0x000000fb4bc00000,0x000000fb4bd00000)]


Current CompileTask:
C1:   3657  515       3       javax.swing.UIDefaults$TextAndMnemonicHashMap::get (358 bytes)

Stack: [0x000000fb4bc00000,0x000000fb4bd00000]
Native frames: (J=compiled Java code, j=interpreted, Vv=VM code, C=native code)
V  [jvm.dll+0x6ee8fa]
V  [jvm.dll+0x857a1e]
V  [jvm.dll+0x85940e]
V  [jvm.dll+0x859ac3]
V  [jvm.dll+0x28291f]
V  [jvm.dll+0xc9b5f]
V  [jvm.dll+0xc9ee5]
V  [jvm.dll+0x148c35]
V  [jvm.dll+0x1a704d]
V  [jvm.dll+0x1a7c23]
V  [jvm.dll+0x161743]
V  [jvm.dll+0x161022]
V  [jvm.dll+0x161278]
V  [jvm.dll+0x1606d6]
V  [jvm.dll+0x1623cd]
V  [jvm.dll+0x25b0fa]
V  [jvm.dll+0x259588]
V  [jvm.dll+0x807928]
V  [jvm.dll+0x8015fa]
V  [jvm.dll+0x6ed5eb]
C  [ucrtbase.dll+0x26c0c]
C  [KERNEL32.DLL+0x15550]
C  [ntdll.dll+0x485b]


---------------  P R O C E S S  ---------------

Threads class SMR info:
_java_thread_list=0x00000256bbee7f50, length=16, elements={
0x000002569cb47600, 0x000002569cb480d0, 0x000002569cb4de60, 0x000002569cb4e790,
0x00000256b79fe340, 0x00000256b79fec70, 0x00000256b7a008e0, 0x00000256b7a03500,
0x00000256b7a2de30, 0x00000256bbc5ffa0, 0x00000256bbc69180, 0x00000256bbcd9830,
0x00000256bbcda2b0, 0x00000256bbf3e9e0, 0x00000256bbeef170, 0x000002569a9fe000
}

Java Threads: ( => current thread )
  0x000002569cb47600 JavaThread "Reference Handler" daemon [_thread_blocked, id=64308, stack(0x000000fb4b500000,0x000000fb4b600000)]
  0x000002569cb480d0 JavaThread "Finalizer" daemon [_thread_blocked, id=62672, stack(0x000000fb4b600000,0x000000fb4b700000)]
  0x000002569cb4de60 JavaThread "Signal Dispatcher" daemon [_thread_blocked, id=57272, stack(0x000000fb4b700000,0x000000fb4b800000)]
  0x000002569cb4e790 JavaThread "Attach Listener" daemon [_thread_blocked, id=63616, stack(0x000000fb4b800000,0x000000fb4b900000)]
  0x00000256b79fe340 JavaThread "Service Thread" daemon [_thread_blocked, id=64068, stack(0x000000fb4b900000,0x000000fb4ba00000)]
  0x00000256b79fec70 JavaThread "Monitor Deflation Thread" daemon [_thread_blocked, id=63396, stack(0x000000fb4ba00000,0x000000fb4bb00000)]
  0x00000256b7a008e0 JavaThread "C2 CompilerThread0" daemon [_thread_blocked, id=64164, stack(0x000000fb4bb00000,0x000000fb4bc00000)]
=>0x00000256b7a03500 JavaThread "C1 CompilerThread0" daemon [_thread_in_native, id=59588, stack(0x000000fb4bc00000,0x000000fb4bd00000)]
  0x00000256b7a2de30 JavaThread "Sweeper thread" daemon [_thread_blocked, id=64268, stack(0x000000fb4bd00000,0x000000fb4be00000)]
  0x00000256bbc5ffa0 JavaThread "Notification Thread" daemon [_thread_blocked, id=31944, stack(0x000000fb4be00000,0x000000fb4bf00000)]
  0x00000256bbc69180 JavaThread "Common-Cleaner" daemon [_thread_blocked, id=64416, stack(0x000000fb4c000000,0x000000fb4c100000)]
  0x00000256bbcd9830 JavaThread "Java2D Disposer" daemon [_thread_blocked, id=63936, stack(0x000000fb4c100000,0x000000fb4c200000)]
  0x00000256bbcda2b0 JavaThread "AWT-Windows" daemon [_thread_in_native, id=62460, stack(0x000000fb4c300000,0x000000fb4c400000)]
  0x00000256bbf3e9e0 JavaThread "AWT-Shutdown" [_thread_blocked, id=63752, stack(0x000000fb4c200000,0x000000fb4c300000)]
  0x00000256bbeef170 JavaThread "AWT-EventQueue-0" [_thread_in_vm, id=62476, stack(0x000000fb4c400000,0x000000fb4c500000)]
  0x000002569a9fe000 JavaThread "DestroyJavaVM" [_thread_blocked, id=64256, stack(0x000000fb4ae00000,0x000000fb4af00000)]

Other Threads:
  0x000002569cb2c730 VMThread "VM Thread" [stack: 0x000000fb4b400000,0x000000fb4b500000] [id=64340]
  0x00000256bbc66d10 WatcherThread "VM Periodic Task Thread" [stack: 0x000000fb4bf00000,0x000000fb4c000000] [id=58924]
  0x000002569cab7310 WorkerThread "GC Thread#0" [stack: 0x000000fb4af00000,0x000000fb4b000000] [id=64272]
  0x000002569cabeeb0 ConcurrentGCThread "G1 Main Marker" [stack: 0x000000fb4b000000,0x000000fb4b100000] [id=63780]
  0x000002569cabf8e0 WorkerThread "G1 Conc#0" [stack: 0x000000fb4b100000,0x000000fb4b200000] [id=61928]
  0x000002569cb0abd0 ConcurrentGCThread "G1 Refine#0" [stack: 0x000000fb4b200000,0x000000fb4b300000] [id=31740]
  0x000002569cb0b5b0 ConcurrentGCThread "G1 Service" [stack: 0x000000fb4b300000,0x000000fb4b400000] [id=46108]

Threads with active compile tasks:
C1 CompilerThread0     3710  515       3       javax.swing.UIDefaults$TextAndMnemonicHashMap::get (358 bytes)

VM state: not at safepoint (normal execution)

VM Mutex/Monitor currently owned by a thread: None

Heap address: 0x00000000c9e00000, size: 866 MB, Compressed Oops mode: 32-bit

CDS archive(s) mapped at: [0x0000000800000000-0x0000000800c40000-0x0000000800c40000), size 12845056, SharedBaseAddress: 0x0000000800000000, ArchiveRelocationMode: 0.
Compressed class space mapped at: 0x0000000801000000-0x0000000841000000, reserved size: 1073741824
Narrow klass base: 0x0000000800000000, Narrow klass shift: 0, Narrow klass range: 0x100000000

GC Precious Log:
 CardTable entry size: 512
 Card Set container configuration: InlinePtr #cards 5 size 8 Array Of Cards #cards 12 size 40 Howl #buckets 4 coarsen threshold 1843 Howl Bitmap #cards 512 size 80 coarsen threshold 460 Card regions per heap region 1 cards per card region 2048
 CPUs: 2 total, 2 available
 Memory: 3460M
 Large Page Support: Disabled
 NUMA Support: Disabled
 Compressed Oops: Enabled (32-bit)
 Heap Region Size: 1M
 Heap Min Capacity: 8M
 Heap Initial Capacity: 56M
 Heap Max Capacity: 866M
 Pre-touch: Disabled
 Parallel Workers: 2
 Concurrent Workers: 1
 Concurrent Refinement Workers: 2
 Periodic GC: Disabled

Heap:
 garbage-first heap   total 57344K, used 4096K [0x00000000c9e00000, 0x0000000100000000)
  region size 1024K, 5 young (5120K), 0 survivors (0K)
 Metaspace       used 5902K, committed 6208K, reserved 1114112K
  class space    used 678K, committed 832K, reserved 1048576K

Heap Regions: E=young(eden), S=young(survivor), O=old, HS=humongous(starts), HC=humongous(continues), CS=collection set, F=free, OA=open archive, CA=closed archive, TAMS=top-at-mark-start (previous, next)
|   0|0x00000000c9e00000, 0x00000000c9e00000, 0x00000000c9f00000|  0%| F|  |TAMS 0x00000000c9e00000, 0x00000000c9e00000| Untracked 
|   1|0x00000000c9f00000, 0x00000000c9f00000, 0x00000000ca000000|  0%| F|  |TAMS 0x00000000c9f00000, 0x00000000c9f00000| Untracked 
|   2|0x00000000ca000000, 0x00000000ca000000, 0x00000000ca100000|  0%| F|  |TAMS 0x00000000ca000000, 0x00000000ca000000| Untracked 
|   3|0x00000000ca100000, 0x00000000ca100000, 0x00000000ca200000|  0%| F|  |TAMS 0x00000000ca100000, 0x00000000ca100000| Untracked 
|   4|0x00000000ca200000, 0x00000000ca200000, 0x00000000ca300000|  0%| F|  |TAMS 0x00000000ca200000, 0x00000000ca200000| Untracked 
|   5|0x00000000ca300000, 0x00000000ca300000, 0x00000000ca400000|  0%| F|  |TAMS 0x00000000ca300000, 0x00000000ca300000| Untracked 
|   6|0x00000000ca400000, 0x00000000ca400000, 0x00000000ca500000|  0%| F|  |TAMS 0x00000000ca400000, 0x00000000ca400000| Untracked 
|   7|0x00000000ca500000, 0x00000000ca500000, 0x00000000ca600000|  0%| F|  |TAMS 0x00000000ca500000, 0x00000000ca500000| Untracked 
|   8|0x00000000ca600000, 0x00000000ca600000, 0x00000000ca700000|  0%| F|  |TAMS 0x00000000ca600000, 0x00000000ca600000| Untracked 
|   9|0x00000000ca700000, 0x00000000ca700000, 0x00000000ca800000|  0%| F|  |TAMS 0x00000000ca700000, 0x00000000ca700000| Untracked 
|  10|0x00000000ca800000, 0x00000000ca800000, 0x00000000ca900000|  0%| F|  |TAMS 0x00000000ca800000, 0x00000000ca800000| Untracked 
|  11|0x00000000ca900000, 0x00000000ca900000, 0x00000000caa00000|  0%| F|  |TAMS 0x00000000ca900000, 0x00000000ca900000| Untracked 
|  12|0x00000000caa00000, 0x00000000caa00000, 0x00000000cab00000|  0%| F|  |TAMS 0x00000000caa00000, 0x00000000caa00000| Untracked 
|  13|0x00000000cab00000, 0x00000000cab00000, 0x00000000cac00000|  0%| F|  |TAMS 0x00000000cab00000, 0x00000000cab00000| Untracked 
|  14|0x00000000cac00000, 0x00000000cac00000, 0x00000000cad00000|  0%| F|  |TAMS 0x00000000cac00000, 0x00000000cac00000| Untracked 
|  15|0x00000000cad00000, 0x00000000cad00000, 0x00000000cae00000|  0%| F|  |TAMS 0x00000000cad00000, 0x00000000cad00000| Untracked 
|  16|0x00000000cae00000, 0x00000000cae00000, 0x00000000caf00000|  0%| F|  |TAMS 0x00000000cae00000, 0x00000000cae00000| Untracked 
|  17|0x00000000caf00000, 0x00000000caf00000, 0x00000000cb000000|  0%| F|  |TAMS 0x00000000caf00000, 0x00000000caf00000| Untracked 
|  18|0x00000000cb000000, 0x00000000cb000000, 0x00000000cb100000|  0%| F|  |TAMS 0x00000000cb000000, 0x00000000cb000000| Untracked 
|  19|0x00000000cb100000, 0x00000000cb100000, 0x00000000cb200000|  0%| F|  |TAMS 0x00000000cb100000, 0x00000000cb100000| Untracked 
|  20|0x00000000cb200000, 0x00000000cb200000, 0x00000000cb300000|  0%| F|  |TAMS 0x00000000cb200000, 0x00000000cb200000| Untracked 
|  21|0x00000000cb300000, 0x00000000cb300000, 0x00000000cb400000|  0%| F|  |TAMS 0x00000000cb300000, 0x00000000cb300000| Untracked 
|  22|0x00000000cb400000, 0x00000000cb400000, 0x00000000cb500000|  0%| F|  |TAMS 0x00000000cb400000, 0x00000000cb400000| Untracked 
|  23|0x00000000cb500000, 0x00000000cb500000, 0x00000000cb600000|  0%| F|  |TAMS 0x00000000cb500000, 0x00000000cb500000| Untracked 
|  24|0x00000000cb600000, 0x00000000cb600000, 0x00000000cb700000|  0%| F|  |TAMS 0x00000000cb600000, 0x00000000cb600000| Untracked 
|  25|0x00000000cb700000, 0x00000000cb700000, 0x00000000cb800000|  0%| F|  |TAMS 0x00000000cb700000, 0x00000000cb700000| Untracked 
|  26|0x00000000cb800000, 0x00000000cb800000, 0x00000000cb900000|  0%| F|  |TAMS 0x00000000cb800000, 0x00000000cb800000| Untracked 
|  27|0x00000000cb900000, 0x00000000cb900000, 0x00000000cba00000|  0%| F|  |TAMS 0x00000000cb900000, 0x00000000cb900000| Untracked 
|  28|0x00000000cba00000, 0x00000000cba00000, 0x00000000cbb00000|  0%| F|  |TAMS 0x00000000cba00000, 0x00000000cba00000| Untracked 
|  29|0x00000000cbb00000, 0x00000000cbb00000, 0x00000000cbc00000|  0%| F|  |TAMS 0x00000000cbb00000, 0x00000000cbb00000| Untracked 
|  30|0x00000000cbc00000, 0x00000000cbc00000, 0x00000000cbd00000|  0%| F|  |TAMS 0x00000000cbc00000, 0x00000000cbc00000| Untracked 
|  31|0x00000000cbd00000, 0x00000000cbd00000, 0x00000000cbe00000|  0%| F|  |TAMS 0x00000000cbd00000, 0x00000000cbd00000| Untracked 
|  32|0x00000000cbe00000, 0x00000000cbe00000, 0x00000000cbf00000|  0%| F|  |TAMS 0x00000000cbe00000, 0x00000000cbe00000| Untracked 
|  33|0x00000000cbf00000, 0x00000000cbf00000, 0x00000000cc000000|  0%| F|  |TAMS 0x00000000cbf00000, 0x00000000cbf00000| Untracked 
|  34|0x00000000cc000000, 0x00000000cc000000, 0x00000000cc100000|  0%| F|  |TAMS 0x00000000cc000000, 0x00000000cc000000| Untracked 
|  35|0x00000000cc100000, 0x00000000cc100000, 0x00000000cc200000|  0%| F|  |TAMS 0x00000000cc100000, 0x00000000cc100000| Untracked 
|  36|0x00000000cc200000, 0x00000000cc200000, 0x00000000cc300000|  0%| F|  |TAMS 0x00000000cc200000, 0x00000000cc200000| Untracked 
|  37|0x00000000cc300000, 0x00000000cc300000, 0x00000000cc400000|  0%| F|  |TAMS 0x00000000cc300000, 0x00000000cc300000| Untracked 
|  38|0x00000000cc400000, 0x00000000cc400000, 0x00000000cc500000|  0%| F|  |TAMS 0x00000000cc400000, 0x00000000cc400000| Untracked 
|  39|0x00000000cc500000, 0x00000000cc500000, 0x00000000cc600000|  0%| F|  |TAMS 0x00000000cc500000, 0x00000000cc500000| Untracked 
|  40|0x00000000cc600000, 0x00000000cc600000, 0x00000000cc700000|  0%| F|  |TAMS 0x00000000cc600000, 0x00000000cc600000| Untracked 
|  41|0x00000000cc700000, 0x00000000cc700000, 0x00000000cc800000|  0%| F|  |TAMS 0x00000000cc700000, 0x00000000cc700000| Untracked 
|  42|0x00000000cc800000, 0x00000000cc800000, 0x00000000cc900000|  0%| F|  |TAMS 0x00000000cc800000, 0x00000000cc800000| Untracked 
|  43|0x00000000cc900000, 0x00000000cc900000, 0x00000000cca00000|  0%| F|  |TAMS 0x00000000cc900000, 0x00000000cc900000| Untracked 
|  44|0x00000000cca00000, 0x00000000cca00000, 0x00000000ccb00000|  0%| F|  |TAMS 0x00000000cca00000, 0x00000000cca00000| Untracked 
|  45|0x00000000ccb00000, 0x00000000ccb00000, 0x00000000ccc00000|  0%| F|  |TAMS 0x00000000ccb00000, 0x00000000ccb00000| Untracked 
|  46|0x00000000ccc00000, 0x00000000ccc00000, 0x00000000ccd00000|  0%| F|  |TAMS 0x00000000ccc00000, 0x00000000ccc00000| Untracked 
|  47|0x00000000ccd00000, 0x00000000ccd00000, 0x00000000cce00000|  0%| F|  |TAMS 0x00000000ccd00000, 0x00000000ccd00000| Untracked 
|  48|0x00000000cce00000, 0x00000000cce00000, 0x00000000ccf00000|  0%| F|  |TAMS 0x00000000cce00000, 0x00000000cce00000| Untracked 
|  49|0x00000000ccf00000, 0x00000000ccf00000, 0x00000000cd000000|  0%| F|  |TAMS 0x00000000ccf00000, 0x00000000ccf00000| Untracked 
|  50|0x00000000cd000000, 0x00000000cd000000, 0x00000000cd100000|  0%| F|  |TAMS 0x00000000cd000000, 0x00000000cd000000| Untracked 
|  51|0x00000000cd100000, 0x00000000cd1d7a30, 0x00000000cd200000| 84%| E|  |TAMS 0x00000000cd100000, 0x00000000cd100000| Complete 
|  52|0x00000000cd200000, 0x00000000cd300000, 0x00000000cd300000|100%| E|CS|TAMS 0x00000000cd200000, 0x00000000cd200000| Complete 
|  53|0x00000000cd300000, 0x00000000cd400000, 0x00000000cd400000|100%| E|CS|TAMS 0x00000000cd300000, 0x00000000cd300000| Complete 
|  54|0x00000000cd400000, 0x00000000cd500000, 0x00000000cd500000|100%| E|CS|TAMS 0x00000000cd400000, 0x00000000cd400000| Complete 
|  55|0x00000000cd500000, 0x00000000cd600000, 0x00000000cd600000|100%| E|CS|TAMS 0x00000000cd500000, 0x00000000cd500000| Complete 

Card table byte_map: [0x000002569c820000,0x000002569c9e0000] _byte_map_base: 0x000002569c1d1000

Marking Bits (Prev, Next): (CMBitMap*) 0x000002569cab7940, (CMBitMap*) 0x000002569cab7980
 Prev Bits: [0x00000256b3ba0000, 0x00000256b4928000)
 Next Bits: [0x00000256b4930000, 0x00000256b56b8000)

Polling page: 0x000002569ac10000

Metaspace:

Usage:
  Non-class:      5.10 MB used.
      Class:    678.00 KB used.
       Both:      5.76 MB used.

Virtual space:
  Non-class space:       64.00 MB reserved,       5.25 MB (  8%) committed,  1 nodes.
      Class space:        1.00 GB reserved,     832.00 KB ( <1%) committed,  1 nodes.
             Both:        1.06 GB reserved,       6.06 MB ( <1%) committed. 

Chunk freelists:
   Non-Class:  2.37 MB
       Class:  3.25 MB
        Both:  5.62 MB

MaxMetaspaceSize: unlimited
CompressedClassSpaceSize: 1.00 GB
Initial GC threshold: 21.00 MB
Current GC threshold: 21.00 MB
CDS: on
MetaspaceReclaimPolicy: balanced
 - commit_granule_bytes: 65536.
 - commit_granule_words: 8192.
 - virtual_space_node_default_size: 8388608.
 - enlarge_chunks_in_place: 1.
 - new_chunks_are_fully_committed: 0.
 - uncommit_free_chunks: 1.
 - use_allocation_guard: 0.


Internal statistics:

num_allocs_failed_limit: 0.
num_arena_births: 116.
num_arena_deaths: 0.
num_vsnodes_births: 2.
num_vsnodes_deaths: 0.
num_space_committed: 97.
num_space_uncommitted: 0.
num_chunks_returned_to_freelist: 0.
num_chunks_taken_from_freelist: 124.
num_chunk_merges: 0.
num_chunk_splits: 87.
num_chunks_enlarged: 56.
num_inconsistent_stats: 0.

CodeHeap 'non-profiled nmethods': size=120064Kb used=136Kb max_used=136Kb free=119927Kb
 bounds [0x00000256ac4a0000, 0x00000256ac710000, 0x00000256b39e0000]
CodeHeap 'profiled nmethods': size=120000Kb used=707Kb max_used=707Kb free=119292Kb
 bounds [0x00000256a49e0000, 0x00000256a4c50000, 0x00000256abf10000]
CodeHeap 'non-nmethods': size=5696Kb used=1306Kb max_used=1314Kb free=4389Kb
 bounds [0x00000256abf10000, 0x00000256ac180000, 0x00000256ac4a0000]
 total_blobs=1050 nmethods=514 adapters=447
 compilation: enabled
              stopped_count=0, restarted_count=0
 full_count=0

Compilation events (20 events):
Event: 3.361 Thread 0x00000256b7a03500 nmethod 505 0x00000256a4a8c510 code [0x00000256a4a8c6e0, 0x00000256a4a8cb38]
Event: 3.361 Thread 0x00000256b7a03500  506       3       java.lang.invoke.MemberName::getModifiers (8 bytes)
Event: 3.361 Thread 0x00000256b7a03500 nmethod 506 0x00000256a4a8cd90 code [0x00000256a4a8cf20, 0x00000256a4a8d038]
Event: 3.634 Thread 0x00000256b7a03500  507       3       java.util.HashMap::containsKey (14 bytes)
Event: 3.634 Thread 0x00000256b7a03500 nmethod 507 0x00000256a4a8d110 code [0x00000256a4a8d2c0, 0x00000256a4a8d468]
Event: 3.635 Thread 0x00000256b7a03500  508       3       java.lang.invoke.LambdaFormEditor$Transform::equals (32 bytes)
Event: 3.635 Thread 0x00000256b7a03500 nmethod 508 0x00000256a4a8d510 code [0x00000256a4a8d6c0, 0x00000256a4a8d8a8]
Event: 3.636 Thread 0x00000256b7a03500  509       3       java.lang.invoke.LambdaFormEditor$TransformKey::inRange (36 bytes)
Event: 3.636 Thread 0x00000256b7a03500 nmethod 509 0x00000256a4a8d990 code [0x00000256a4a8db20, 0x00000256a4a8dc78]
Event: 3.636 Thread 0x00000256b7a03500  511       3       java.lang.invoke.LambdaFormEditor::getInCache (165 bytes)
Event: 3.637 Thread 0x00000256b7a03500 nmethod 511 0x00000256a4a8dd10 code [0x00000256a4a8dfa0, 0x00000256a4a8ee98]
Event: 3.637 Thread 0x00000256b7a03500  510       3       java.lang.invoke.LambdaFormEditor$TransformKey::<init> (15 bytes)
Event: 3.637 Thread 0x00000256b7a03500 nmethod 510 0x00000256a4a8f210 code [0x00000256a4a8f3c0, 0x00000256a4a8f558]
Event: 3.637 Thread 0x00000256b7a03500  512       3       java.lang.ref.Reference::<init> (7 bytes)
Event: 3.637 Thread 0x00000256b7a03500 nmethod 512 0x00000256a4a8f610 code [0x00000256a4a8f7c0, 0x00000256a4a8fa78]
Event: 3.641 Thread 0x00000256b7a03500  513       3       java.lang.CharacterData::of (136 bytes)
Event: 3.642 Thread 0x00000256b7a03500 nmethod 513 0x00000256a4a8fb90 code [0x00000256a4a8fde0, 0x00000256a4a90778]
Event: 3.642 Thread 0x00000256b7a03500  514       3       java.lang.Character::charCount (12 bytes)
Event: 3.642 Thread 0x00000256b7a03500 nmethod 514 0x00000256a4a90990 code [0x00000256a4a90b40, 0x00000256a4a90cb8]
Event: 3.642 Thread 0x00000256b7a03500  515       3       javax.swing.UIDefaults$TextAndMnemonicHashMap::get (358 bytes)

GC Heap History (0 events):
No events

Dll operation events (9 events):
Event: 0.021 Loaded shared library C:\Program Files\Java\jdk-19\bin\java.dll
Event: 0.062 Loaded shared library C:\Program Files\Java\jdk-19\bin\jsvml.dll
Event: 0.297 Loaded shared library C:\Program Files\Java\jdk-19\bin\net.dll
Event: 0.302 Loaded shared library C:\Program Files\Java\jdk-19\bin\nio.dll
Event: 0.315 Loaded shared library C:\Program Files\Java\jdk-19\bin\zip.dll
Event: 0.368 Loaded shared library C:\Program Files\Java\jdk-19\bin\jimage.dll
Event: 0.465 Loaded shared library C:\Program Files\Java\jdk-19\bin\awt.dll
Event: 2.667 Loaded shared library C:\Program Files\Java\jdk-19\bin\freetype.dll
Event: 2.670 Loaded shared library C:\Program Files\Java\jdk-19\bin\fontmanager.dll

Deoptimization events (0 events):
No events

Classes loaded (20 events):
Event: 3.642 Loading class com/sun/swing/internal/plaf/synth/resources/synth_en_US
Event: 3.642 Loading class com/sun/swing/internal/plaf/synth/resources/synth_en_US done
Event: 3.642 Loading class java/text/ParseException
Event: 3.643 Loading class java/text/ParseException done
Event: 3.645 Loading class javax/swing/plaf/synth/SynthPanelUI
Event: 3.646 Loading class javax/swing/plaf/synth/SynthUI
Event: 3.646 Loading class javax/swing/plaf/synth/SynthConstants
Event: 3.646 Loading class javax/swing/plaf/synth/SynthConstants done
Event: 3.646 Loading class javax/swing/plaf/synth/SynthUI done
Event: 3.646 Loading class javax/swing/plaf/basic/BasicPanelUI
Event: 3.646 Loading class javax/swing/plaf/PanelUI
Event: 3.646 Loading class javax/swing/plaf/PanelUI done
Event: 3.646 Loading class javax/swing/plaf/basic/BasicPanelUI done
Event: 3.646 Loading class javax/swing/plaf/synth/SynthPanelUI done
Event: 3.646 Loading class javax/swing/plaf/synth/SynthContext
Event: 3.647 Loading class javax/swing/plaf/synth/SynthContext done
Event: 3.647 Loading class javax/swing/plaf/nimbus/NimbusStyle
Event: 3.649 Loading class javax/swing/plaf/nimbus/NimbusStyle done
Event: 3.649 Loading class javax/swing/plaf/nimbus/NimbusStyle$1
Event: 3.649 Loading class javax/swing/plaf/nimbus/NimbusStyle$1 done

Classes unloaded (0 events):
No events

Classes redefined (0 events):
No events

Internal exceptions (20 events):
Event: 3.224 Thread 0x000002569a9fe000 Exception <a 'java/lang/ClassNotFoundException'{0x00000000cd1294b8}: PasswordField> (0x00000000cd1294b8) 
thrown [s\open\src\hotspot\share\classfile\systemDictionary.cpp, line 255]
Event: 3.227 Thread 0x000002569a9fe000 Exception <a 'java/lang/ClassNotFoundException'{0x00000000cd129a10}: TextArea> (0x00000000cd129a10) 
thrown [s\open\src\hotspot\share\classfile\systemDictionary.cpp, line 255]
Event: 3.229 Thread 0x000002569a9fe000 Exception <a 'java/lang/ClassNotFoundException'{0x00000000cd12a350}: TextPane> (0x00000000cd12a350) 
thrown [s\open\src\hotspot\share\classfile\systemDictionary.cpp, line 255]
Event: 3.229 Thread 0x000002569a9fe000 Exception <a 'java/lang/ClassNotFoundException'{0x00000000cd12a7b8}: EditorPane> (0x00000000cd12a7b8) 
thrown [s\open\src\hotspot\share\classfile\systemDictionary.cpp, line 255]
Event: 3.230 Thread 0x000002569a9fe000 Exception <a 'java/lang/ClassNotFoundException'{0x00000000cd12b118}: ToolBar> (0x00000000cd12b118) 
thrown [s\open\src\hotspot\share\classfile\systemDictionary.cpp, line 255]
Event: 3.230 Thread 0x000002569a9fe000 Exception <a 'java/lang/ClassNotFoundException'{0x00000000cd12b610}: ToolBar> (0x00000000cd12b610) 
thrown [s\open\src\hotspot\share\classfile\systemDictionary.cpp, line 255]
Event: 3.230 Thread 0x000002569a9fe000 Exception <a 'java/lang/ClassNotFoundException'{0x00000000cd12b970}: Button> (0x00000000cd12b970) 
thrown [s\open\src\hotspot\share\classfile\systemDictionary.cpp, line 255]
Event: 3.231 Thread 0x000002569a9fe000 Exception <a 'java/lang/ClassNotFoundException'{0x00000000cd12be38}: ToolBar> (0x00000000cd12be38) 
thrown [s\open\src\hotspot\share\classfile\systemDictionary.cpp, line 255]
Event: 3.231 Thread 0x000002569a9fe000 Exception <a 'java/lang/ClassNotFoundException'{0x00000000cd12c1a8}: ToggleButton> (0x00000000cd12c1a8) 
thrown [s\open\src\hotspot\share\classfile\systemDictionary.cpp, line 255]
Event: 3.231 Thread 0x000002569a9fe000 Exception <a 'java/lang/ClassNotFoundException'{0x00000000cd12c5e8}: javax/swing/JToolBarSeparator> (0x00000000cd12c5e8) 
thrown [s\open\src\hotspot\share\classfile\systemDictionary.cpp, line 255]
Event: 3.231 Thread 0x000002569a9fe000 Exception <a 'java/lang/ClassNotFoundException'{0x00000000cd12c8f8}: ToolBarSeparator> (0x00000000cd12c8f8) 
thrown [s\open\src\hotspot\share\classfile\systemDictionary.cpp, line 255]
Event: 3.231 Thread 0x000002569a9fe000 Exception <a 'java/lang/ClassNotFoundException'{0x00000000cd12ce10}: ToolTip> (0x00000000cd12ce10) 
thrown [s\open\src\hotspot\share\classfile\systemDictionary.cpp, line 255]
Event: 3.233 Thread 0x000002569a9fe000 Exception <a 'java/lang/ClassNotFoundException'{0x00000000cd12d760}: Tree> (0x00000000cd12d760) 
thrown [s\open\src\hotspot\share\classfile\systemDictionary.cpp, line 255]
Event: 3.233 Thread 0x000002569a9fe000 Exception <a 'java/lang/ClassNotFoundException'{0x00000000cd12dc58}: Tree> (0x00000000cd12dc58) 
thrown [s\open\src\hotspot\share\classfile\systemDictionary.cpp, line 255]
Event: 3.233 Thread 0x000002569a9fe000 Exception <a 'java/lang/ClassNotFoundException'{0x00000000cd12dfc8}: javax/swing/JTreeCell> (0x00000000cd12dfc8) 
thrown [s\open\src\hotspot\share\classfile\systemDictionary.cpp, line 255]
Event: 3.233 Thread 0x000002569a9fe000 Exception <a 'java/lang/ClassNotFoundException'{0x00000000cd12e2d0}: TreeCell> (0x00000000cd12e2d0) 
thrown [s\open\src\hotspot\share\classfile\systemDictionary.cpp, line 255]
Event: 3.233 Thread 0x000002569a9fe000 Exception <a 'java/lang/ClassNotFoundException'{0x00000000cd12e9d8}: RootPane> (0x00000000cd12e9d8) 
thrown [s\open\src\hotspot\share\classfile\systemDictionary.cpp, line 255]
Event: 3.244 Thread 0x000002569a9fe000 Exception <a 'java/lang/ClassNotFoundException'{0x00000000cd1317e8}: com/sun/swing/internal/plaf/metal/resources/spi/metalProvider> (0x00000000cd1317e8) 
thrown [s\open\src\hotspot\share\classfile\systemDictionary.cpp, line 255]
Event: 3.248 Thread 0x000002569a9fe000 Exception <a 'java/lang/ClassNotFoundException'{0x00000000cd135508}: com/sun/swing/internal/plaf/basic/resources/spi/basicProvider> (0x00000000cd135508) 
thrown [s\open\src\hotspot\share\classfile\systemDictionary.cpp, line 255]
Event: 3.641 Thread 0x00000256bbeef170 Exception <a 'java/lang/ClassNotFoundException'{0x00000000cd1b1d40}: com/sun/swing/internal/plaf/synth/resources/spi/synthProvider> (0x00000000cd1b1d40) 
thrown [s\open\src\hotspot\share\classfile\systemDictionary.cpp, line 255]

VM Operations (8 events):
Event: 0.545 Executing VM operation: HandshakeAllThreads
Event: 0.545 Executing VM operation: HandshakeAllThreads done
Event: 1.578 Executing VM operation: Cleanup
Event: 1.948 Executing VM operation: Cleanup done
Event: 2.958 Executing VM operation: Cleanup
Event: 2.958 Executing VM operation: Cleanup done
Event: 3.243 Executing VM operation: HandshakeAllThreads
Event: 3.243 Executing VM operation: HandshakeAllThreads done

Events (20 events):
Event: 0.063 Thread 0x000002569a9fe000 Thread added: 0x000002569a9fe000
Event: 0.113 Thread 0x000002569cb47600 Thread added: 0x000002569cb47600
Event: 0.113 Thread 0x000002569cb480d0 Thread added: 0x000002569cb480d0
Event: 0.115 Thread 0x000002569cb4de60 Thread added: 0x000002569cb4de60
Event: 0.115 Thread 0x000002569cb4e790 Thread added: 0x000002569cb4e790
Event: 0.115 Thread 0x00000256b79fe340 Thread added: 0x00000256b79fe340
Event: 0.115 Thread 0x00000256b79fec70 Thread added: 0x00000256b79fec70
Event: 0.115 Thread 0x00000256b7a008e0 Thread added: 0x00000256b7a008e0
Event: 0.115 Thread 0x00000256b7a03500 Thread added: 0x00000256b7a03500
Event: 0.117 Thread 0x00000256b7a2de30 Thread added: 0x00000256b7a2de30
Event: 0.213 Thread 0x00000256bbc5ffa0 Thread added: 0x00000256bbc5ffa0
Event: 0.236 Thread 0x00000256bbc69180 Thread added: 0x00000256bbc69180
Event: 0.630 Thread 0x00000256bbcd9830 Thread added: 0x00000256bbcd9830
Event: 0.633 Thread 0x00000256bbcd9d70 Thread added: 0x00000256bbcd9d70
Event: 0.638 Thread 0x00000256bbcda2b0 Thread added: 0x00000256bbcda2b0
Event: 2.415 Thread 0x00000256bbcd9d70 Thread exited: 0x00000256bbcd9d70
Event: 3.328 Thread 0x00000256bbf3e9e0 Thread added: 0x00000256bbf3e9e0
Event: 3.332 Thread 0x00000256bbeef170 Thread added: 0x00000256bbeef170
Event: 3.333 Thread 0x000002569a9fe000 Thread exited: 0x000002569a9fe000
Event: 3.333 Thread 0x000002569a9fe000 Thread added: 0x000002569a9fe000


Dynamic libraries:
0x00007ff710b50000 - 0x00007ff710b60000 	C:\Program Files\Java\jdk-19\bin\java.exe
0x00007ff871fa0000 - 0x00007ff8721a9000 	C:\WINDOWS\SYSTEM32\ntdll.dll
0x00007ff8707b0000 - 0x00007ff87086e000 	C:\WINDOWS\System32\KERNEL32.DLL
0x00007ff86fa00000 - 0x00007ff86fd7b000 	C:\WINDOWS\System32\KERNELBASE.dll
0x00007ff86f470000 - 0x00007ff86f581000 	C:\WINDOWS\System32\ucrtbase.dll
0x00007ff867c00000 - 0x00007ff867c18000 	C:\Program Files\Java\jdk-19\bin\jli.dll
0x00007ff848ca0000 - 0x00007ff848cbb000 	C:\Program Files\Java\jdk-19\bin\VCRUNTIME140.dll
0x00007ff8714c0000 - 0x00007ff87156e000 	C:\WINDOWS\System32\ADVAPI32.dll
0x00007ff870460000 - 0x00007ff870503000 	C:\WINDOWS\System32\msvcrt.dll
0x00007ff8715e0000 - 0x00007ff87167e000 	C:\WINDOWS\System32\sechost.dll
0x00007ff870340000 - 0x00007ff870460000 	C:\WINDOWS\System32\RPCRT4.dll
0x00007ff870e80000 - 0x00007ff87102d000 	C:\WINDOWS\System32\USER32.dll
0x00007ff86f590000 - 0x00007ff86f5b6000 	C:\WINDOWS\System32\win32u.dll
0x00007ff86ff10000 - 0x00007ff86ff39000 	C:\WINDOWS\System32\GDI32.dll
0x00007ff86f870000 - 0x00007ff86f988000 	C:\WINDOWS\System32\gdi32full.dll
0x00007ff86fd80000 - 0x00007ff86fe1d000 	C:\WINDOWS\System32\msvcp_win.dll
0x00007ff8580a0000 - 0x00007ff858345000 	C:\WINDOWS\WinSxS\amd64_microsoft.windows.common-controls_6595b64144ccf1df_6.0.22000.120_none_9d947278b86cc467\COMCTL32.dll
0x00007ff867810000 - 0x00007ff86781a000 	C:\WINDOWS\SYSTEM32\VERSION.dll
0x00007ff870dd0000 - 0x00007ff870e02000 	C:\WINDOWS\System32\IMM32.DLL
0x00007ff85c530000 - 0x00007ff85c53c000 	C:\Program Files\Java\jdk-19\bin\vcruntime140_1.dll
0x00007ff83f010000 - 0x00007ff83f09e000 	C:\Program Files\Java\jdk-19\bin\msvcp140.dll
0x00007ff831e10000 - 0x00007ff832ad0000 	C:\Program Files\Java\jdk-19\bin\server\jvm.dll
0x00007ff85f4c0000 - 0x00007ff85f4c9000 	C:\WINDOWS\SYSTEM32\WSOCK32.dll
0x00007ff871570000 - 0x00007ff8715df000 	C:\WINDOWS\System32\WS2_32.dll
0x00007ff8677d0000 - 0x00007ff867803000 	C:\WINDOWS\SYSTEM32\WINMM.dll
0x00007ff86e4f0000 - 0x00007ff86e508000 	C:\WINDOWS\SYSTEM32\kernel.appcore.dll
0x00007ff859280000 - 0x00007ff85928a000 	C:\Program Files\Java\jdk-19\bin\jimage.dll
0x00007ff86d1a0000 - 0x00007ff86d3c1000 	C:\WINDOWS\SYSTEM32\DBGHELP.DLL
0x00007ff855ff0000 - 0x00007ff856021000 	C:\WINDOWS\SYSTEM32\dbgcore.DLL
0x00007ff86f680000 - 0x00007ff86f6ff000 	C:\WINDOWS\System32\bcryptPrimitives.dll
0x00007ff842cb0000 - 0x00007ff842cd6000 	C:\Program Files\Java\jdk-19\bin\java.dll
0x00007ff840250000 - 0x00007ff840327000 	C:\Program Files\Java\jdk-19\bin\jsvml.dll
0x00007ff8717a0000 - 0x00007ff871f58000 	C:\WINDOWS\System32\SHELL32.dll
0x00007ff86d560000 - 0x00007ff86ddc5000 	C:\WINDOWS\SYSTEM32\windows.storage.dll
0x00007ff871030000 - 0x00007ff8713a8000 	C:\WINDOWS\System32\combase.dll
0x00007ff86d3f0000 - 0x00007ff86d556000 	C:\WINDOWS\SYSTEM32\wintypes.dll
0x00007ff86fe20000 - 0x00007ff86ff0a000 	C:\WINDOWS\System32\SHCORE.dll
0x00007ff8713f0000 - 0x00007ff87144d000 	C:\WINDOWS\System32\shlwapi.dll
0x00007ff86f3a0000 - 0x00007ff86f3c1000 	C:\WINDOWS\SYSTEM32\profapi.dll
0x00007ff847890000 - 0x00007ff8478a3000 	C:\Program Files\Java\jdk-19\bin\net.dll
0x00007ff8651f0000 - 0x00007ff865304000 	C:\WINDOWS\SYSTEM32\WINHTTP.dll
0x00007ff86e990000 - 0x00007ff86e9f7000 	C:\WINDOWS\system32\mswsock.dll
0x00007ff845f90000 - 0x00007ff845fa6000 	C:\Program Files\Java\jdk-19\bin\nio.dll
0x00007ff843bd0000 - 0x00007ff843be8000 	C:\Program Files\Java\jdk-19\bin\zip.dll
0x00007ff83a350000 - 0x00007ff83a4e1000 	C:\Program Files\Java\jdk-19\bin\awt.dll
0x00007ff8706d0000 - 0x00007ff8707a6000 	C:\WINDOWS\System32\OLEAUT32.dll
0x00007ff86c650000 - 0x00007ff86c6e2000 	C:\WINDOWS\SYSTEM32\apphelp.dll
0x00007ff86c810000 - 0x00007ff86c8bc000 	C:\WINDOWS\system32\uxtheme.dll
0x00007ff871680000 - 0x00007ff87179d000 	C:\WINDOWS\System32\MSCTF.dll
0x00007ff8701a0000 - 0x00007ff87033a000 	C:\WINDOWS\System32\ole32.dll
0x00007ff86cb70000 - 0x00007ff86cb9f000 	C:\WINDOWS\system32\DWMAPI.DLL
0x00007ff83eec0000 - 0x00007ff83ef46000 	C:\Program Files\Java\jdk-19\bin\freetype.dll
0x00007ff83d2f0000 - 0x00007ff83d399000 	C:\Program Files\Java\jdk-19\bin\fontmanager.dll
0x00007ff83d0e0000 - 0x00007ff83d1e1000 	C:\WINDOWS\system32\opengl32.dll
0x00007ff842c80000 - 0x00007ff842cad000 	C:\WINDOWS\SYSTEM32\GLU32.dll
0x00007ff86c910000 - 0x00007ff86c948000 	C:\WINDOWS\SYSTEM32\dxcore.dll
0x00007ff8245a0000 - 0x00007ff824746000 	C:\WINDOWS\system32\d3d9.dll
0x00007ff867820000 - 0x00007ff8679fb000 	C:\WINDOWS\System32\DriverStore\FileRepository\u0369825.inf_amd64_d21434249e94d178\B369681\aticfx64.dll
0x00007ff865390000 - 0x00007ff8653c3000 	C:\WINDOWS\System32\DriverStore\FileRepository\u0369825.inf_amd64_d21434249e94d178\B369681\atiu9p64.dll
0x00007ff834aa0000 - 0x00007ff8357c1000 	C:\WINDOWS\System32\DriverStore\FileRepository\u0369825.inf_amd64_d21434249e94d178\B369681\atiumd64.dll
0x0000000068710000 - 0x00000000695d3000 	C:\WINDOWS\System32\DriverStore\FileRepository\u0369825.inf_amd64_d21434249e94d178\B369681\atiumd6a.dll
0x00007ff86f340000 - 0x00007ff86f38d000 	C:\WINDOWS\SYSTEM32\POWRPROF.dll
0x00007ff86f320000 - 0x00007ff86f333000 	C:\WINDOWS\SYSTEM32\UMPDC.dll
0x00007ff865120000 - 0x00007ff865150000 	C:\WINDOWS\SYSTEM32\amdihk64.dll
0x00007ff86af00000 - 0x00007ff86af44000 	C:\WINDOWS\SYSTEM32\directxdatabasehelper.dll
0x00007ff86e510000 - 0x00007ff86e544000 	C:\WINDOWS\SYSTEM32\ntmarta.dll

dbghelp: loaded successfully - version: 4.0.5 - missing functions: none
symbol engine: initialized successfully - sym options: 0x614 - pdb path: .;C:\Program Files\Java\jdk-19\bin;C:\WINDOWS\SYSTEM32;C:\WINDOWS\WinSxS\amd64_microsoft.windows.common-controls_6595b64144ccf1df_6.0.22000.120_none_9d947278b86cc467;C:\Program Files\Java\jdk-19\bin\server;C:\WINDOWS\System32\DriverStore\FileRepository\u0369825.inf_amd64_d21434249e94d178\B369681

VM Arguments:
jvm_args: -Dfile.encoding=UTF-8 
java_command: base.login1
java_class_path (initial): C:\Program Files\NetBeans-15\netbeans\java\modules\ext\AbsoluteLayout.jar;C:\Users\lenovo\Documents\mysql-connector-java-8.0.27.jar;C:\Users\lenovo\Documents\JCalendar-1.3.3.jar;C:\Users\lenovo\Documents\NetBeansProjects\umkm\build\classes
Launcher Type: SUN_STANDARD

[Global flags]
     intx CICompilerCount                          = 2                                         {product} {ergonomic}
     uint ConcGCThreads                            = 1                                         {product} {ergonomic}
     uint G1ConcRefinementThreads                  = 2                                         {product} {ergonomic}
   size_t G1HeapRegionSize                         = 1048576                                   {product} {ergonomic}
    uintx GCDrainStackTargetSize                   = 64                                        {product} {ergonomic}
   size_t InitialHeapSize                          = 58720256                                  {product} {ergonomic}
   size_t MarkStackSize                            = 4194304                                   {product} {ergonomic}
   size_t MaxHeapSize                              = 908066816                                 {product} {ergonomic}
   size_t MaxNewSize                               = 544210944                                 {product} {ergonomic}
   size_t MinHeapDeltaBytes                        = 1048576                                   {product} {ergonomic}
   size_t MinHeapSize                              = 8388608                                   {product} {ergonomic}
    uintx NonNMethodCodeHeapSize                   = 5826188                                {pd product} {ergonomic}
    uintx NonProfiledCodeHeapSize                  = 122916026                              {pd product} {ergonomic}
    uintx ProfiledCodeHeapSize                     = 122916026                              {pd product} {ergonomic}
    uintx ReservedCodeCacheSize                    = 251658240                              {pd product} {ergonomic}
     bool SegmentedCodeCache                       = true                                      {product} {ergonomic}
   size_t SoftMaxHeapSize                          = 908066816                              {manageable} {ergonomic}
     bool UseCompressedClassPointers               = true                           {product lp64_product} {ergonomic}
     bool UseCompressedOops                        = true                           {product lp64_product} {ergonomic}
     bool UseG1GC                                  = true                                      {product} {ergonomic}
     bool UseLargePagesIndividualAllocation        = false                                  {pd product} {ergonomic}

Logging:
Log output configuration:
 #0: stdout all=warning uptime,level,tags foldmultilines=false
 #1: stderr all=off uptime,level,tags foldmultilines=false

Environment Variables:
PATH=C:\Program Files\Common Files\Oracle\Java\javapath;C:\Program Files (x86)\Common Files\Oracle\Java\javapath;C:\WINDOWS\system32;C:\WINDOWS;C:\WINDOWS\System32\Wbem;C:\WINDOWS\System32\WindowsPowerShell\v1.0\;C:\WINDOWS\System32\OpenSSH\;C:\Users\lenovo\AppData\Local\Microsoft\WindowsApps;
USERNAME=lenovo
OS=Windows_NT
PROCESSOR_IDENTIFIER=AMD64 Family 23 Model 24 Stepping 1, AuthenticAMD
TMP=C:\Users\lenovo\AppData\Local\Temp
TEMP=C:\Users\lenovo\AppData\Local\Temp



---------------  S Y S T E M  ---------------

OS:
 Windows 11 , 64 bit Build 22000 (10.0.22000.1219)
OS uptime: 7 days 0:21 hours

CPU: total 2 (initial active 2) (2 cores per cpu, 1 threads per core) family 23 model 24 stepping 1 microcode 0x0, cx8, cmov, fxsr, mmx, 3dnowpref, sse, sse2, sse3, ssse3, sse4a, sse4.1, sse4.2, popcnt, lzcnt, tsc, tscinvbit, avx, avx2, aes, clmul, bmi1, bmi2, adx, sha, fma, vzeroupper, clflush, clflushopt, rdtscp

Memory: 4k page, system-wide physical 3460M (230M free)
TotalPageFile size 14212M (AvailPageFile size 1M)
current process WorkingSet (physical memory assigned to process): 57M, peak: 57M
current process commit charge ("private bytes"): 147M, peak: 147M

vm_info: Java HotSpot(TM) 64-Bit Server VM (19+36-2238) for windows-amd64 JRE (19+36-2238), built on 2022-08-12T20:29:01Z by "mach5one" with MS VC++ 17.1 (VS2022)

END.
