#
# There is insufficient memory for the Java Runtime Environment to continue.
# Native memory allocation (malloc) failed to allocate 65552 bytes for Chunk::new
# Possible reasons:
#   The system is out of physical RAM or swap space
#   The process is running with CompressedOops enabled, and the Java Heap may be blocking the growth of the native heap
# Possible solutions:
#   Reduce memory load on the system
#   Increase physical memory or swap space
#   Check if swap backing store is full
#   Decrease Java heap size (-Xmx/-Xms)
#   Decrease number of Java threads
#   Decrease Java thread stack sizes (-Xss)
#   Set larger code cache with -XX:ReservedCodeCacheSize=
#   JVM is running with Unscaled Compressed Oops mode in which the Java heap is
#     placed in the first 4GB address space. The Java Heap base address is the
#     maximum limit for the native heap growth. Please use -XX:HeapBaseMinAddress
#     to set the Java Heap base and to place the Java Heap above 4GB virtual address.
# This output file may be truncated or incomplete.
#
#  Out of Memory Error (arena.cpp:184), pid=64500, tid=63592
#
# JRE version: Java(TM) SE Runtime Environment (19.0+36) (build 19+36-2238)
# Java VM: Java HotSpot(TM) 64-Bit Server VM (19+36-2238, mixed mode, sharing, tiered, compressed oops, compressed class ptrs, g1 gc, windows-amd64)
# No core dump will be written. Minidumps are not enabled by default on client versions of Windows
#

---------------  S U M M A R Y ------------

Command Line: -Dapplication.home=C:\Program Files\Java\jdk-19 --add-modules=ALL-DEFAULT -Xms8m -Djdk.module.main=jdk.compiler jdk.compiler/com.sun.tools.javac.Main -d C:\Users\lenovo\Documents\NetBeansProjects\umkm\build\classes -classpath C:\Users\lenovo\Documents\NetBeansProjects\umkm\build\classes;C:\Program Files\NetBeans-15\netbeans\java\modules\ext\AbsoluteLayout.jar;C:\Users\lenovo\Documents\mysql-connector-java-8.0.27.jar;C:\Users\lenovo\Documents\JCalendar-1.3.3.jar -sourcepath C:\Users\lenovo\Documents\NetBeansProjects\umkm\build\empty -target 1.8 -encoding UTF-8 -g -processorpath C:\Program Files\NetBeans-15\netbeans\java\modules\ext\AbsoluteLayout.jar;C:\Users\lenovo\Documents\NetBeansProjects\umkm\${libs.MySQLDriver.classpath};C:\Users\HP\Downloads\mysql-connector-java-8.0.27.jar;C:\Users\lenovo\Documents\mysql-connector-java-8.0.27.jar;C:\Users\lenovo\Documents\PENTING\JCalendar-1.3.3.jar;C:\Users\lenovo\Documents\JCalendar-1.3.3.jar;C:\Users\lenovo\Documents\NetBeansProjects\umkm\build\empty -s C:\Users\lenovo\Documents\NetBeansProjects\umkm\build\generated-sources\ap-source-output -source 1.8 C:\Users\lenovo\Documents\NetBeansProjects\umkm\src\base\barang1.java C:\Users\lenovo\Documents\NetBeansProjects\umkm\src\base\dashboard1.java C:\Users\lenovo\Documents\NetBeansProjects\umkm\src\base\koneksi.java C:\Users\lenovo\Documents\NetBeansProjects\umkm\src\base\laporan.java C:\Users\lenovo\Documents\NetBeansProjects\umkm\src\base\laporanpembelian.java C:\Users\lenovo\Documents\NetBeansProjects\umkm\src\base\login1.java C:\Users\lenovo\Documents\NetBeansProjects\umkm\src\base\register.java C:\Users\lenovo\Documents\NetBeansProjects\umkm\src\base\supplier.java C:\Users\lenovo\Documents\NetBeansProjects\umkm\src\base\transaksi.java C:\Users\lenovo\Documents\NetBeansProjects\umkm\src\base\transaksipembelian.java C:\Users\lenovo\Documents\NetBeansProjects\umkm\src\base\transaksipenjualan.java

Host: AMD Athlon Silver 3050U with Radeon Graphics   , 2 cores, 3G,  Windows 11 , 64 bit Build 22000 (10.0.22000.1219)
Time: Tue Dec 20 17:44:25 2022 SE Asia Standard Time elapsed time: 12.797198 seconds (0d 0h 0m 12s)

---------------  T H R E A D  ---------------

Current thread (0x000001fbb330d230):  JavaThread "C2 CompilerThread0" daemon [_thread_in_native, id=63592, stack(0x00000066d6e00000,0x00000066d6f00000)]


Current CompileTask:
C2:  12797 2869       4       com.sun.tools.javac.comp.TransTypes::addBridgeIfNeeded (251 bytes)

Stack: [0x00000066d6e00000,0x00000066d6f00000]
Native frames: (J=compiled Java code, j=interpreted, Vv=VM code, C=native code)
V  [jvm.dll+0x6ee8fa]
V  [jvm.dll+0x857a1e]
V  [jvm.dll+0x85940e]
V  [jvm.dll+0x859ac3]
V  [jvm.dll+0x28291f]
V  [jvm.dll+0xc9b5f]
V  [jvm.dll+0xc9ee5]
V  [jvm.dll+0xc9c84]
V  [jvm.dll+0x6ccd6c]
V  [jvm.dll+0x2534c9]
V  [jvm.dll+0x713d2f]
V  [jvm.dll+0x24d707]
V  [jvm.dll+0x24b563]
V  [jvm.dll+0x1d6d61]
V  [jvm.dll+0x25b0fa]
V  [jvm.dll+0x259588]
V  [jvm.dll+0x807928]
V  [jvm.dll+0x8015fa]
V  [jvm.dll+0x6ed5eb]
C  [ucrtbase.dll+0x26c0c]
C  [KERNEL32.DLL+0x15550]
C  [ntdll.dll+0x485b]


---------------  P R O C E S S  ---------------

Threads class SMR info:
_java_thread_list=0x000001fbb78a4f80, length=12, elements={
0x000001fb983ad980, 0x000001fbb33042c0, 0x000001fbb3307540, 0x000001fbb330aa40,
0x000001fbb330b370, 0x000001fbb330bca0, 0x000001fbb330c5d0, 0x000001fbb330d230,
0x000001fbb3373a80, 0x000001fbb33777c0, 0x000001fb98456710, 0x000001fbb78fc420
}

Java Threads: ( => current thread )
  0x000001fb983ad980 JavaThread "main" [_thread_in_native, id=61432, stack(0x00000066d6100000,0x00000066d6200000)]
  0x000001fbb33042c0 JavaThread "Reference Handler" daemon [_thread_blocked, id=63532, stack(0x00000066d6800000,0x00000066d6900000)]
  0x000001fbb3307540 JavaThread "Finalizer" daemon [_thread_blocked, id=63460, stack(0x00000066d6900000,0x00000066d6a00000)]
  0x000001fbb330aa40 JavaThread "Signal Dispatcher" daemon [_thread_blocked, id=58236, stack(0x00000066d6a00000,0x00000066d6b00000)]
  0x000001fbb330b370 JavaThread "Attach Listener" daemon [_thread_blocked, id=60924, stack(0x00000066d6b00000,0x00000066d6c00000)]
  0x000001fbb330bca0 JavaThread "Service Thread" daemon [_thread_blocked, id=63624, stack(0x00000066d6c00000,0x00000066d6d00000)]
  0x000001fbb330c5d0 JavaThread "Monitor Deflation Thread" daemon [_thread_blocked, id=64352, stack(0x00000066d6d00000,0x00000066d6e00000)]
=>0x000001fbb330d230 JavaThread "C2 CompilerThread0" daemon [_thread_in_native, id=63592, stack(0x00000066d6e00000,0x00000066d6f00000)]
  0x000001fbb3373a80 JavaThread "C1 CompilerThread0" daemon [_thread_blocked, id=63948, stack(0x00000066d6f00000,0x00000066d7000000)]
  0x000001fbb33777c0 JavaThread "Sweeper thread" daemon [_thread_blocked, id=63516, stack(0x00000066d7000000,0x00000066d7100000)]
  0x000001fb98456710 JavaThread "Common-Cleaner" daemon [_thread_blocked, id=64476, stack(0x00000066d7100000,0x00000066d7200000)]
  0x000001fbb78fc420 JavaThread "Notification Thread" daemon [_thread_blocked, id=64320, stack(0x00000066d7200000,0x00000066d7300000)]

Other Threads:
  0x000001fb98465ea0 VMThread "VM Thread" [stack: 0x00000066d6700000,0x00000066d6800000] [id=63752]
  0x000001fbb78fc960 WatcherThread "VM Periodic Task Thread" [stack: 0x00000066d7300000,0x00000066d7400000] [id=49100]
  0x000001fb983ea680 WorkerThread "GC Thread#0" [stack: 0x00000066d6200000,0x00000066d6300000] [id=64448]
  0x000001fbb7a1d030 WorkerThread "GC Thread#1" [stack: 0x00000066d7400000,0x00000066d7500000] [id=62512]
  0x000001fb983f2220 ConcurrentGCThread "G1 Main Marker" [stack: 0x00000066d6300000,0x00000066d6400000] [id=63508]
  0x000001fb983f36f0 WorkerThread "G1 Conc#0" [stack: 0x00000066d6400000,0x00000066d6500000] [id=64388]
  0x000001fb984024e0 ConcurrentGCThread "G1 Refine#0" [stack: 0x00000066d6500000,0x00000066d6600000] [id=64248]
  0x000001fb98403ac0 ConcurrentGCThread "G1 Service" [stack: 0x00000066d6600000,0x00000066d6700000] [id=62460]

Threads with active compile tasks:
C2 CompilerThread0    12847 2869       4       com.sun.tools.javac.comp.TransTypes::addBridgeIfNeeded (251 bytes)

VM state: not at safepoint (normal execution)

VM Mutex/Monitor currently owned by a thread: None

Heap address: 0x00000000c9e00000, size: 866 MB, Compressed Oops mode: 32-bit

CDS archive(s) mapped at: [0x0000000800000000-0x0000000800c40000-0x0000000800c40000), size 12845056, SharedBaseAddress: 0x0000000800000000, ArchiveRelocationMode: 0.
Compressed class space mapped at: 0x0000000801000000-0x0000000841000000, reserved size: 1073741824
Narrow klass base: 0x0000000800000000, Narrow klass shift: 0, Narrow klass range: 0x100000000

GC Precious Log:
 CardTable entry size: 512
 Card Set container configuration: InlinePtr #cards 5 size 8 Array Of Cards #cards 12 size 40 Howl #buckets 4 coarsen threshold 1843 Howl Bitmap #cards 512 size 80 coarsen threshold 460 Card regions per heap region 1 cards per card region 2048
 CPUs: 2 total, 2 available
 Memory: 3460M
 Large Page Support: Disabled
 NUMA Support: Disabled
 Compressed Oops: Enabled (32-bit)
 Heap Region Size: 1M
 Heap Min Capacity: 8M
 Heap Initial Capacity: 8M
 Heap Max Capacity: 866M
 Pre-touch: Disabled
 Parallel Workers: 2
 Concurrent Workers: 1
 Concurrent Refinement Workers: 2
 Periodic GC: Disabled

Heap:
 garbage-first heap   total 34816K, used 16445K [0x00000000c9e00000, 0x0000000100000000)
  region size 1024K, 5 young (5120K), 1 survivors (1024K)
 Metaspace       used 11323K, committed 11456K, reserved 1114112K
  class space    used 1157K, committed 1216K, reserved 1048576K

Heap Regions: E=young(eden), S=young(survivor), O=old, HS=humongous(starts), HC=humongous(continues), CS=collection set, F=free, OA=open archive, CA=closed archive, TAMS=top-at-mark-start (previous, next)
|   0|0x00000000c9e00000, 0x00000000c9f00000, 0x00000000c9f00000|100%| O|  |TAMS 0x00000000c9f00000, 0x00000000c9e00000| Untracked 
|   1|0x00000000c9f00000, 0x00000000c9f00000, 0x00000000ca000000|  0%| F|  |TAMS 0x00000000c9f00000, 0x00000000c9f00000| Untracked 
|   2|0x00000000ca000000, 0x00000000ca100000, 0x00000000ca100000|100%| O|  |TAMS 0x00000000ca100000, 0x00000000ca000000| Untracked 
|   3|0x00000000ca100000, 0x00000000ca200000, 0x00000000ca200000|100%| O|  |TAMS 0x00000000ca200000, 0x00000000ca100000| Untracked 
|   4|0x00000000ca200000, 0x00000000ca300000, 0x00000000ca300000|100%| O|  |TAMS 0x00000000ca300000, 0x00000000ca200000| Untracked 
|   5|0x00000000ca300000, 0x00000000ca400000, 0x00000000ca400000|100%| O|  |TAMS 0x00000000ca400000, 0x00000000ca300000| Untracked 
|   6|0x00000000ca400000, 0x00000000ca500000, 0x00000000ca500000|100%| O|  |TAMS 0x00000000ca500000, 0x00000000ca400000| Untracked 
|   7|0x00000000ca500000, 0x00000000ca600000, 0x00000000ca600000|100%| O|  |TAMS 0x00000000ca600000, 0x00000000ca500000| Untracked 
|   8|0x00000000ca600000, 0x00000000ca6e2e00, 0x00000000ca700000| 88%| O|  |TAMS 0x00000000ca600000, 0x00000000ca600000| Untracked 
|   9|0x00000000ca700000, 0x00000000ca800000, 0x00000000ca800000|100%| O|  |TAMS 0x00000000ca800000, 0x00000000ca700000| Untracked 
|  10|0x00000000ca800000, 0x00000000ca900000, 0x00000000ca900000|100%| O|  |TAMS 0x00000000ca900000, 0x00000000ca800000| Untracked 
|  11|0x00000000ca900000, 0x00000000caa00000, 0x00000000caa00000|100%|HS|  |TAMS 0x00000000caa00000, 0x00000000ca900000| Complete 
|  12|0x00000000caa00000, 0x00000000cab00000, 0x00000000cab00000|100%| O|  |TAMS 0x00000000cab00000, 0x00000000caa00000| Untracked 
|  13|0x00000000cab00000, 0x00000000cac00000, 0x00000000cac00000|100%| O|  |TAMS 0x00000000cab60600, 0x00000000cab00000| Untracked 
|  14|0x00000000cac00000, 0x00000000cac00000, 0x00000000cad00000|  0%| F|  |TAMS 0x00000000cac00000, 0x00000000cac00000| Untracked 
|  15|0x00000000cad00000, 0x00000000cad00000, 0x00000000cae00000|  0%| F|  |TAMS 0x00000000cad00000, 0x00000000cad00000| Untracked 
|  16|0x00000000cae00000, 0x00000000cae00000, 0x00000000caf00000|  0%| F|  |TAMS 0x00000000cae00000, 0x00000000cae00000| Untracked 
|  17|0x00000000caf00000, 0x00000000caf00000, 0x00000000cb000000|  0%| F|  |TAMS 0x00000000caf00000, 0x00000000caf00000| Untracked 
|  18|0x00000000cb000000, 0x00000000cb000000, 0x00000000cb100000|  0%| F|  |TAMS 0x00000000cb000000, 0x00000000cb000000| Untracked 
|  19|0x00000000cb100000, 0x00000000cb100000, 0x00000000cb200000|  0%| F|  |TAMS 0x00000000cb100000, 0x00000000cb100000| Untracked 
|  20|0x00000000cb200000, 0x00000000cb200000, 0x00000000cb300000|  0%| F|  |TAMS 0x00000000cb200000, 0x00000000cb200000| Untracked 
|  21|0x00000000cb300000, 0x00000000cb300000, 0x00000000cb400000|  0%| F|  |TAMS 0x00000000cb300000, 0x00000000cb300000| Untracked 
|  22|0x00000000cb400000, 0x00000000cb400000, 0x00000000cb500000|  0%| F|  |TAMS 0x00000000cb400000, 0x00000000cb400000| Untracked 
|  23|0x00000000cb500000, 0x00000000cb500000, 0x00000000cb600000|  0%| F|  |TAMS 0x00000000cb500000, 0x00000000cb500000| Untracked 
|  24|0x00000000cb600000, 0x00000000cb600000, 0x00000000cb700000|  0%| F|  |TAMS 0x00000000cb600000, 0x00000000cb600000| Untracked 
|  25|0x00000000cb700000, 0x00000000cb700000, 0x00000000cb800000|  0%| F|  |TAMS 0x00000000cb700000, 0x00000000cb700000| Untracked 
|  26|0x00000000cb800000, 0x00000000cb800000, 0x00000000cb900000|  0%| F|  |TAMS 0x00000000cb800000, 0x00000000cb800000| Untracked 
|  27|0x00000000cb900000, 0x00000000cb900000, 0x00000000cba00000|  0%| F|  |TAMS 0x00000000cb900000, 0x00000000cb900000| Untracked 
|  28|0x00000000cba00000, 0x00000000cba00000, 0x00000000cbb00000|  0%| F|  |TAMS 0x00000000cba00000, 0x00000000cba00000| Untracked 
|  29|0x00000000cbb00000, 0x00000000cbb65b80, 0x00000000cbc00000| 39%| E|  |TAMS 0x00000000cbb00000, 0x00000000cbb00000| Complete 
|  30|0x00000000cbc00000, 0x00000000cbd00000, 0x00000000cbd00000|100%| E|CS|TAMS 0x00000000cbc00000, 0x00000000cbc00000| Complete 
|  31|0x00000000cbd00000, 0x00000000cbe00000, 0x00000000cbe00000|100%| E|CS|TAMS 0x00000000cbd00000, 0x00000000cbd00000| Complete 
|  32|0x00000000cbe00000, 0x00000000cbe2c6f0, 0x00000000cbf00000| 17%| S|CS|TAMS 0x00000000cbe00000, 0x00000000cbe00000| Complete 
|  33|0x00000000cbf00000, 0x00000000cc000000, 0x00000000cc000000|100%| E|CS|TAMS 0x00000000cbf00000, 0x00000000cbf00000| Complete 

Card table byte_map: [0x000001fb98140000,0x000001fb98300000] _byte_map_base: 0x000001fb97af1000

Marking Bits (Prev, Next): (CMBitMap*) 0x000001fb983eacb0, (CMBitMap*) 0x000001fb983eacf0
 Prev Bits: [0x000001fbaf4d0000, 0x000001fbb0258000)
 Next Bits: [0x000001fbb0260000, 0x000001fbb0fe8000)

Polling page: 0x000001fb96520000

Metaspace:

Usage:
  Non-class:      9.93 MB used.
      Class:      1.13 MB used.
       Both:     11.06 MB used.

Virtual space:
  Non-class space:       64.00 MB reserved,      10.00 MB ( 16%) committed,  1 nodes.
      Class space:        1.00 GB reserved,       1.19 MB ( <1%) committed,  1 nodes.
             Both:        1.06 GB reserved,      11.19 MB (  1%) committed. 

Chunk freelists:
   Non-Class:  80.00 KB
       Class:  2.77 MB
        Both:  2.84 MB

MaxMetaspaceSize: unlimited
CompressedClassSpaceSize: 1.00 GB
Initial GC threshold: 21.00 MB
Current GC threshold: 21.00 MB
CDS: on
MetaspaceReclaimPolicy: balanced
 - commit_granule_bytes: 65536.
 - commit_granule_words: 8192.
 - virtual_space_node_default_size: 8388608.
 - enlarge_chunks_in_place: 1.
 - new_chunks_are_fully_committed: 0.
 - uncommit_free_chunks: 1.
 - use_allocation_guard: 0.


Internal statistics:

num_allocs_failed_limit: 0.
num_arena_births: 76.
num_arena_deaths: 0.
num_vsnodes_births: 2.
num_vsnodes_deaths: 0.
num_space_committed: 179.
num_space_uncommitted: 0.
num_chunks_returned_to_freelist: 0.
num_chunks_taken_from_freelist: 455.
num_chunk_merges: 0.
num_chunk_splits: 327.
num_chunks_enlarged: 271.
num_inconsistent_stats: 0.

CodeHeap 'non-profiled nmethods': size=120064Kb used=1293Kb max_used=1293Kb free=118770Kb
 bounds [0x000001fba7dd0000, 0x000001fba8040000, 0x000001fbaf310000]
CodeHeap 'profiled nmethods': size=120000Kb used=6736Kb max_used=6736Kb free=113264Kb
 bounds [0x000001fba0310000, 0x000001fba09b0000, 0x000001fba7840000]
CodeHeap 'non-nmethods': size=5696Kb used=1243Kb max_used=1279Kb free=4452Kb
 bounds [0x000001fba7840000, 0x000001fba7ab0000, 0x000001fba7dd0000]
 total_blobs=3327 nmethods=2875 adapters=361
 compilation: enabled
              stopped_count=0, restarted_count=0
 full_count=0

Compilation events (20 events):
Event: 12.644 Thread 0x000001fbb330d230 nmethod 2868 0x000001fba7f13310 code [0x000001fba7f134a0, 0x000001fba7f13568]
Event: 12.646 Thread 0x000001fbb330d230 2869       4       com.sun.tools.javac.comp.TransTypes::addBridgeIfNeeded (251 bytes)
Event: 12.749 Thread 0x000001fbb3373a80 2872       2       com.sun.tools.javac.code.Scope$ScopeListenerList::symbolAdded (8 bytes)
Event: 12.749 Thread 0x000001fbb3373a80 nmethod 2872 0x000001fba099e010 code [0x000001fba099e1c0, 0x000001fba099e2e8]
Event: 12.749 Thread 0x000001fbb3373a80 2874       3       com.sun.tools.javac.jvm.Code::truncate (32 bytes)
Event: 12.749 Thread 0x000001fbb3373a80 nmethod 2874 0x000001fba099e390 code [0x000001fba099e540, 0x000001fba099e6d8]
Event: 12.749 Thread 0x000001fbb3373a80 2873       3       com.sun.tools.javac.tree.TreeMaker::QualIdent (30 bytes)
Event: 12.750 Thread 0x000001fbb3373a80 nmethod 2873 0x000001fba099e790 code [0x000001fba099e9a0, 0x000001fba099ed88]
Event: 12.750 Thread 0x000001fbb3373a80 2871       3       com.sun.tools.javac.comp.TransPatterns$BindingContext::<init> (5 bytes)
Event: 12.750 Thread 0x000001fbb3373a80 nmethod 2871 0x000001fba099ef90 code [0x000001fba099f140, 0x000001fba099f298]
Event: 12.752 Thread 0x000001fbb3373a80 2875       3       java.nio.Buffer::flip (20 bytes)
Event: 12.752 Thread 0x000001fbb3373a80 nmethod 2875 0x000001fba099f390 code [0x000001fba099f520, 0x000001fba099f638]
Event: 12.756 Thread 0x000001fbb3373a80 2877       3       com.sun.tools.javac.jvm.ClassWriter::writeJavaAnnotations (282 bytes)
Event: 12.760 Thread 0x000001fbb3373a80 nmethod 2877 0x000001fba099f710 code [0x000001fba099fbe0, 0x000001fba09a1fb8]
Event: 12.760 Thread 0x000001fbb3373a80 2876       3       com.sun.tools.javac.jvm.ClassWriter::writeFlagAttrs (36 bytes)
Event: 12.760 Thread 0x000001fbb3373a80 nmethod 2876 0x000001fba09a2d10 code [0x000001fba09a2f00, 0x000001fba09a3278]
Event: 12.772 Thread 0x000001fbb3373a80 2878   !   3       jdk.internal.ref.PhantomCleanable::remove (60 bytes)
Event: 12.773 Thread 0x000001fbb3373a80 nmethod 2878 0x000001fba09a3510 code [0x000001fba09a36e0, 0x000001fba09a3af8]
Event: 12.773 Thread 0x000001fbb3373a80 2879       3       java.lang.ref.Reference::clear (5 bytes)
Event: 12.773 Thread 0x000001fbb3373a80 nmethod 2879 0x000001fba09a3c90 code [0x000001fba09a3e40, 0x000001fba09a3f88]

GC Heap History (20 events):
Event: 8.370 GC heap before
{Heap before GC invocations=12 (full 0):
 garbage-first heap   total 18432K, used 11681K [0x00000000c9e00000, 0x0000000100000000)
  region size 1024K, 6 young (6144K), 1 survivors (1024K)
 Metaspace       used 9234K, committed 9472K, reserved 1114112K
  class space    used 988K, committed 1088K, reserved 1048576K
}
Event: 8.373 GC heap after
{Heap after GC invocations=13 (full 0):
 garbage-first heap   total 18432K, used 7502K [0x00000000c9e00000, 0x0000000100000000)
  region size 1024K, 1 young (1024K), 1 survivors (1024K)
 Metaspace       used 9234K, committed 9472K, reserved 1114112K
  class space    used 988K, committed 1088K, reserved 1048576K
}
Event: 8.554 GC heap before
{Heap before GC invocations=13 (full 0):
 garbage-first heap   total 18432K, used 11598K [0x00000000c9e00000, 0x0000000100000000)
  region size 1024K, 5 young (5120K), 1 survivors (1024K)
 Metaspace       used 9337K, committed 9536K, reserved 1114112K
  class space    used 1001K, committed 1088K, reserved 1048576K
}
Event: 8.561 GC heap after
{Heap after GC invocations=14 (full 0):
 garbage-first heap   total 22528K, used 8897K [0x00000000c9e00000, 0x0000000100000000)
  region size 1024K, 1 young (1024K), 1 survivors (1024K)
 Metaspace       used 9337K, committed 9536K, reserved 1114112K
  class space    used 1001K, committed 1088K, reserved 1048576K
}
Event: 8.872 GC heap before
{Heap before GC invocations=14 (full 0):
 garbage-first heap   total 22528K, used 14017K [0x00000000c9e00000, 0x0000000100000000)
  region size 1024K, 6 young (6144K), 1 survivors (1024K)
 Metaspace       used 9432K, committed 9600K, reserved 1114112K
  class space    used 1004K, committed 1088K, reserved 1048576K
}
Event: 8.879 GC heap after
{Heap after GC invocations=15 (full 0):
 garbage-first heap   total 22528K, used 10128K [0x00000000c9e00000, 0x0000000100000000)
  region size 1024K, 1 young (1024K), 1 survivors (1024K)
 Metaspace       used 9432K, committed 9600K, reserved 1114112K
  class space    used 1004K, committed 1088K, reserved 1048576K
}
Event: 9.882 GC heap before
{Heap before GC invocations=15 (full 0):
 garbage-first heap   total 22528K, used 15248K [0x00000000c9e00000, 0x0000000100000000)
  region size 1024K, 6 young (6144K), 1 survivors (1024K)
 Metaspace       used 10106K, committed 10304K, reserved 1114112K
  class space    used 1074K, committed 1152K, reserved 1048576K
}
Event: 9.891 GC heap after
{Heap after GC invocations=16 (full 0):
 garbage-first heap   total 22528K, used 11178K [0x00000000c9e00000, 0x0000000100000000)
  region size 1024K, 1 young (1024K), 1 survivors (1024K)
 Metaspace       used 10106K, committed 10304K, reserved 1114112K
  class space    used 1074K, committed 1152K, reserved 1048576K
}
Event: 9.917 GC heap before
{Heap before GC invocations=16 (full 0):
 garbage-first heap   total 22528K, used 12202K [0x00000000c9e00000, 0x0000000100000000)
  region size 1024K, 3 young (3072K), 1 survivors (1024K)
 Metaspace       used 10164K, committed 10368K, reserved 1114112K
  class space    used 1086K, committed 1152K, reserved 1048576K
}
Event: 9.922 GC heap after
{Heap after GC invocations=17 (full 0):
 garbage-first heap   total 22528K, used 11625K [0x00000000c9e00000, 0x0000000100000000)
  region size 1024K, 1 young (1024K), 1 survivors (1024K)
 Metaspace       used 10164K, committed 10368K, reserved 1114112K
  class space    used 1086K, committed 1152K, reserved 1048576K
}
Event: 10.480 GC heap before
{Heap before GC invocations=18 (full 0):
 garbage-first heap   total 24576K, used 16745K [0x00000000c9e00000, 0x0000000100000000)
  region size 1024K, 5 young (5120K), 1 survivors (1024K)
 Metaspace       used 10400K, committed 10560K, reserved 1114112K
  class space    used 1096K, committed 1152K, reserved 1048576K
}
Event: 10.483 GC heap after
{Heap after GC invocations=19 (full 0):
 garbage-first heap   total 24576K, used 13233K [0x00000000c9e00000, 0x0000000100000000)
  region size 1024K, 1 young (1024K), 1 survivors (1024K)
 Metaspace       used 10400K, committed 10560K, reserved 1114112K
  class space    used 1096K, committed 1152K, reserved 1048576K
}
Event: 10.524 GC heap before
{Heap before GC invocations=19 (full 0):
 garbage-first heap   total 24576K, used 14257K [0x00000000c9e00000, 0x0000000100000000)
  region size 1024K, 2 young (2048K), 1 survivors (1024K)
 Metaspace       used 10461K, committed 10624K, reserved 1114112K
  class space    used 1100K, committed 1152K, reserved 1048576K
}
Event: 10.528 GC heap after
{Heap after GC invocations=20 (full 0):
 garbage-first heap   total 24576K, used 12911K [0x00000000c9e00000, 0x0000000100000000)
  region size 1024K, 1 young (1024K), 1 survivors (1024K)
 Metaspace       used 10461K, committed 10624K, reserved 1114112K
  class space    used 1100K, committed 1152K, reserved 1048576K
}
Event: 11.089 GC heap before
{Heap before GC invocations=20 (full 0):
 garbage-first heap   total 24576K, used 15983K [0x00000000c9e00000, 0x0000000100000000)
  region size 1024K, 5 young (5120K), 1 survivors (1024K)
 Metaspace       used 11175K, committed 11328K, reserved 1114112K
  class space    used 1156K, committed 1216K, reserved 1048576K
}
Event: 11.091 GC heap after
{Heap after GC invocations=21 (full 0):
 garbage-first heap   total 24576K, used 13399K [0x00000000c9e00000, 0x0000000100000000)
  region size 1024K, 1 young (1024K), 1 survivors (1024K)
 Metaspace       used 11175K, committed 11328K, reserved 1114112K
  class space    used 1156K, committed 1216K, reserved 1048576K
}
Event: 11.861 GC heap before
{Heap before GC invocations=22 (full 0):
 garbage-first heap   total 25600K, used 17495K [0x00000000c9e00000, 0x0000000100000000)
  region size 1024K, 5 young (5120K), 1 survivors (1024K)
 Metaspace       used 11280K, committed 11456K, reserved 1114112K
  class space    used 1157K, committed 1216K, reserved 1048576K
}
Event: 11.866 GC heap after
{Heap after GC invocations=23 (full 0):
 garbage-first heap   total 34816K, used 13503K [0x00000000c9e00000, 0x0000000100000000)
  region size 1024K, 1 young (1024K), 1 survivors (1024K)
 Metaspace       used 11280K, committed 11456K, reserved 1114112K
  class space    used 1157K, committed 1216K, reserved 1048576K
}
Event: 12.007 GC heap before
{Heap before GC invocations=23 (full 0):
 garbage-first heap   total 34816K, used 14527K [0x00000000c9e00000, 0x0000000100000000)
  region size 1024K, 2 young (2048K), 1 survivors (1024K)
 Metaspace       used 11299K, committed 11456K, reserved 1114112K
  class space    used 1157K, committed 1216K, reserved 1048576K
}
Event: 12.020 GC heap after
{Heap after GC invocations=24 (full 0):
 garbage-first heap   total 34816K, used 13373K [0x00000000c9e00000, 0x0000000100000000)
  region size 1024K, 1 young (1024K), 1 survivors (1024K)
 Metaspace       used 11299K, committed 11456K, reserved 1114112K
  class space    used 1157K, committed 1216K, reserved 1048576K
}

Dll operation events (6 events):
Event: 0.212 Loaded shared library C:\Program Files\Java\jdk-19\bin\java.dll
Event: 0.243 Loaded shared library C:\Program Files\Java\jdk-19\bin\jsvml.dll
Event: 1.408 Loaded shared library C:\Program Files\Java\jdk-19\bin\jimage.dll
Event: 2.388 Loaded shared library C:\Program Files\Java\jdk-19\bin\net.dll
Event: 2.393 Loaded shared library C:\Program Files\Java\jdk-19\bin\nio.dll
Event: 3.613 Loaded shared library C:\Program Files\Java\jdk-19\bin\zip.dll

Deoptimization events (20 events):
Event: 10.613 Thread 0x000001fb983ad980 Uncommon trap: trap_request=0xffffffde fr.pc=0x000001fba7e859d8 relative=0x00000000000001b8
Event: 10.613 Thread 0x000001fb983ad980 Uncommon trap: reason=class_check action=maybe_recompile pc=0x000001fba7e859d8 method=com.sun.tools.javac.code.Scope$ScopeListenerList.walkReferences(Lcom/sun/tools/javac/code/Symbol;Lcom/sun/tools/javac/code/Scope;Z)V @ 20 c2
Event: 10.613 Thread 0x000001fb983ad980 DEOPT PACKING pc=0x000001fba7e859d8 sp=0x00000066d61fd540
Event: 10.613 Thread 0x000001fb983ad980 DEOPT UNPACKING pc=0x000001fba78a6da3 sp=0x00000066d61fd478 mode 2
Event: 10.614 Thread 0x000001fb983ad980 Uncommon trap: trap_request=0xffffff45 fr.pc=0x000001fba7ecbf58 relative=0x00000000000008f8
Event: 10.614 Thread 0x000001fb983ad980 Uncommon trap: reason=unstable_if action=reinterpret pc=0x000001fba7ecbf58 method=java.util.HashMap.removeNode(ILjava/lang/Object;Ljava/lang/Object;ZZ)Ljava/util/HashMap$Node; @ 121 c2
Event: 10.614 Thread 0x000001fb983ad980 DEOPT PACKING pc=0x000001fba7ecbf58 sp=0x00000066d61fdfb0
Event: 10.614 Thread 0x000001fb983ad980 DEOPT UNPACKING pc=0x000001fba78a6da3 sp=0x00000066d61fdf28 mode 2
Event: 10.703 Thread 0x000001fb983ad980 Uncommon trap: trap_request=0xffffffc6 fr.pc=0x000001fba7e2f4cc relative=0x0000000000000a2c
Event: 10.703 Thread 0x000001fb983ad980 Uncommon trap: reason=bimorphic_or_optimized_type_check action=maybe_recompile pc=0x000001fba7e2f4cc method=java.util.HashMap.putVal(ILjava/lang/Object;Ljava/lang/Object;ZZ)Ljava/lang/Object; @ 253 c2
Event: 10.703 Thread 0x000001fb983ad980 DEOPT PACKING pc=0x000001fba7e2f4cc sp=0x00000066d61feed0
Event: 10.703 Thread 0x000001fb983ad980 DEOPT UNPACKING pc=0x000001fba78a6da3 sp=0x00000066d61fee08 mode 2
Event: 10.892 Thread 0x000001fb983ad980 Uncommon trap: trap_request=0xffffff45 fr.pc=0x000001fba7ed55fc relative=0x00000000000000dc
Event: 10.892 Thread 0x000001fb983ad980 Uncommon trap: reason=unstable_if action=reinterpret pc=0x000001fba7ed55fc method=com.sun.tools.javac.jvm.Code.typecode(Lcom/sun/tools/javac/code/Type;)I @ 11 c2
Event: 10.892 Thread 0x000001fb983ad980 DEOPT PACKING pc=0x000001fba7ed55fc sp=0x00000066d61fe1f0
Event: 10.892 Thread 0x000001fb983ad980 DEOPT UNPACKING pc=0x000001fba78a6da3 sp=0x00000066d61fe188 mode 2
Event: 10.931 Thread 0x000001fb983ad980 Uncommon trap: trap_request=0xffffff45 fr.pc=0x000001fba7e4fc94 relative=0x00000000000003f4
Event: 10.931 Thread 0x000001fb983ad980 Uncommon trap: reason=unstable_if action=reinterpret pc=0x000001fba7e4fc94 method=com.sun.tools.javac.util.ListBuffer.append(Ljava/lang/Object;)Lcom/sun/tools/javac/util/ListBuffer; @ 9 c2
Event: 10.931 Thread 0x000001fb983ad980 DEOPT PACKING pc=0x000001fba7e4fc94 sp=0x00000066d61fe5e0
Event: 10.931 Thread 0x000001fb983ad980 DEOPT UNPACKING pc=0x000001fba78a6da3 sp=0x00000066d61fe5a8 mode 2

Classes loaded (20 events):
Event: 9.044 Loading class java/lang/invoke/MethodHandle$1
Event: 9.044 Loading class java/lang/invoke/MethodHandle$1 done
Event: 10.708 Loading class java/util/function/ToIntBiFunction
Event: 10.709 Loading class java/util/function/ToIntBiFunction done
Event: 10.719 Loading class sun/nio/ch/ChannelOutputStream
Event: 10.720 Loading class sun/nio/ch/ChannelOutputStream done
Event: 11.048 Loading class java/util/stream/MatchOps$MatchKind
Event: 11.049 Loading class java/util/stream/MatchOps$MatchKind done
Event: 11.049 Loading class java/util/stream/MatchOps
Event: 11.050 Loading class java/util/stream/MatchOps done
Event: 11.050 Loading class java/util/stream/MatchOps$MatchOp
Event: 11.050 Loading class java/util/stream/MatchOps$MatchOp done
Event: 11.050 Loading class java/util/stream/MatchOps$BooleanTerminalSink
Event: 11.050 Loading class java/util/stream/MatchOps$BooleanTerminalSink done
Event: 11.051 Loading class java/util/stream/MatchOps$1MatchSink
Event: 11.052 Loading class java/util/stream/MatchOps$1MatchSink done
Event: 11.053 Loading class java/util/stream/ReduceOps$1
Event: 11.053 Loading class java/util/stream/ReduceOps$1 done
Event: 11.053 Loading class java/util/stream/ReduceOps$1ReducingSink
Event: 11.054 Loading class java/util/stream/ReduceOps$1ReducingSink done

Classes unloaded (0 events):
No events

Classes redefined (0 events):
No events

Internal exceptions (20 events):
Event: 11.384 Thread 0x000001fb983ad980 Exception <a 'sun/nio/fs/WindowsException'{0x00000000cb6a13a0}> (0x00000000cb6a13a0) 
thrown [s\open\src\hotspot\share\prims\jni.cpp, line 517]
Event: 11.407 Thread 0x000001fb983ad980 Exception <a 'sun/nio/fs/WindowsException'{0x00000000cb6a4d28}> (0x00000000cb6a4d28) 
thrown [s\open\src\hotspot\share\prims\jni.cpp, line 517]
Event: 11.421 Thread 0x000001fb983ad980 Exception <a 'sun/nio/fs/WindowsException'{0x00000000cb6a8468}> (0x00000000cb6a8468) 
thrown [s\open\src\hotspot\share\prims\jni.cpp, line 517]
Event: 11.427 Thread 0x000001fb983ad980 Exception <a 'sun/nio/fs/WindowsException'{0x00000000cb6abba8}> (0x00000000cb6abba8) 
thrown [s\open\src\hotspot\share\prims\jni.cpp, line 517]
Event: 11.432 Thread 0x000001fb983ad980 Exception <a 'sun/nio/fs/WindowsException'{0x00000000cb6af2e8}> (0x00000000cb6af2e8) 
thrown [s\open\src\hotspot\share\prims\jni.cpp, line 517]
Event: 11.437 Thread 0x000001fb983ad980 Exception <a 'sun/nio/fs/WindowsException'{0x00000000cb6b2a28}> (0x00000000cb6b2a28) 
thrown [s\open\src\hotspot\share\prims\jni.cpp, line 517]
Event: 11.444 Thread 0x000001fb983ad980 Exception <a 'sun/nio/fs/WindowsException'{0x00000000cb6b5dc8}> (0x00000000cb6b5dc8) 
thrown [s\open\src\hotspot\share\prims\jni.cpp, line 517]
Event: 11.508 Thread 0x000001fb983ad980 Exception <a 'sun/nio/fs/WindowsException'{0x00000000cb6d34e0}> (0x00000000cb6d34e0) 
thrown [s\open\src\hotspot\share\prims\jni.cpp, line 517]
Event: 11.592 Thread 0x000001fb983ad980 Exception <a 'sun/nio/fs/WindowsException'{0x00000000cb41dbd0}> (0x00000000cb41dbd0) 
thrown [s\open\src\hotspot\share\prims\jni.cpp, line 517]
Event: 11.867 Thread 0x000001fb983ad980 Exception <a 'sun/nio/fs/WindowsException'{0x00000000cbf00ca0}> (0x00000000cbf00ca0) 
thrown [s\open\src\hotspot\share\prims\jni.cpp, line 517]
Event: 11.879 Thread 0x000001fb983ad980 Exception <a 'sun/nio/fs/WindowsException'{0x00000000cbf04018}> (0x00000000cbf04018) 
thrown [s\open\src\hotspot\share\prims\jni.cpp, line 517]
Event: 11.941 Thread 0x000001fb983ad980 Exception <a 'sun/nio/fs/WindowsException'{0x00000000cbf1a618}> (0x00000000cbf1a618) 
thrown [s\open\src\hotspot\share\prims\jni.cpp, line 517]
Event: 12.103 Thread 0x000001fb983ad980 Exception <a 'sun/nio/fs/WindowsException'{0x00000000cbfc8838}> (0x00000000cbfc8838) 
thrown [s\open\src\hotspot\share\prims\jni.cpp, line 517]
Event: 12.128 Thread 0x000001fb983ad980 Exception <a 'sun/nio/fs/WindowsException'{0x00000000cbfcc2e0}> (0x00000000cbfcc2e0) 
thrown [s\open\src\hotspot\share\prims\jni.cpp, line 517]
Event: 12.230 Thread 0x000001fb983ad980 Exception <a 'sun/nio/fs/WindowsException'{0x00000000cbfcf748}> (0x00000000cbfcf748) 
thrown [s\open\src\hotspot\share\prims\jni.cpp, line 517]
Event: 12.257 Thread 0x000001fb983ad980 Exception <a 'sun/nio/fs/WindowsException'{0x00000000cbfe3500}> (0x00000000cbfe3500) 
thrown [s\open\src\hotspot\share\prims\jni.cpp, line 517]
Event: 12.748 Thread 0x000001fb983ad980 Exception <a 'sun/nio/fs/WindowsException'{0x00000000cbb58638}> (0x00000000cbb58638) 
thrown [s\open\src\hotspot\share\prims\jni.cpp, line 517]
Event: 12.753 Thread 0x000001fb983ad980 Exception <a 'sun/nio/fs/WindowsException'{0x00000000cbb5c3d8}> (0x00000000cbb5c3d8) 
thrown [s\open\src\hotspot\share\prims\jni.cpp, line 517]
Event: 12.764 Thread 0x000001fb983ad980 Exception <a 'sun/nio/fs/WindowsException'{0x00000000cbb5fa88}> (0x00000000cbb5fa88) 
thrown [s\open\src\hotspot\share\prims\jni.cpp, line 517]
Event: 12.775 Thread 0x000001fb983ad980 Exception <a 'sun/nio/fs/WindowsException'{0x00000000cbb63378}> (0x00000000cbb63378) 
thrown [s\open\src\hotspot\share\prims\jni.cpp, line 517]

VM Operations (20 events):
Event: 10.479 Executing VM operation: G1CollectForAllocation
Event: 10.483 Executing VM operation: G1CollectForAllocation done
Event: 10.524 Executing VM operation: G1CollectForAllocation
Event: 10.529 Executing VM operation: G1CollectForAllocation done
Event: 10.714 Executing VM operation: HandshakeAllThreads
Event: 10.714 Executing VM operation: HandshakeAllThreads done
Event: 10.933 Executing VM operation: ICBufferFull
Event: 10.933 Executing VM operation: ICBufferFull done
Event: 11.088 Executing VM operation: G1CollectForAllocation
Event: 11.094 Executing VM operation: G1CollectForAllocation done
Event: 11.114 Executing VM operation: G1PauseRemark
Event: 11.118 Executing VM operation: G1PauseRemark done
Event: 11.126 Executing VM operation: G1PauseCleanup
Event: 11.127 Executing VM operation: G1PauseCleanup done
Event: 11.860 Executing VM operation: G1CollectForAllocation
Event: 11.866 Executing VM operation: G1CollectForAllocation done
Event: 12.007 Executing VM operation: G1CollectForAllocation
Event: 12.020 Executing VM operation: G1CollectForAllocation done
Event: 12.583 Executing VM operation: HandshakeAllThreads
Event: 12.584 Executing VM operation: HandshakeAllThreads done

Events (12 events):
Event: 0.244 Thread 0x000001fb983ad980 Thread added: 0x000001fb983ad980
Event: 1.205 Thread 0x000001fbb33042c0 Thread added: 0x000001fbb33042c0
Event: 1.206 Thread 0x000001fbb3307540 Thread added: 0x000001fbb3307540
Event: 1.208 Thread 0x000001fbb330aa40 Thread added: 0x000001fbb330aa40
Event: 1.208 Thread 0x000001fbb330b370 Thread added: 0x000001fbb330b370
Event: 1.208 Thread 0x000001fbb330bca0 Thread added: 0x000001fbb330bca0
Event: 1.208 Thread 0x000001fbb330c5d0 Thread added: 0x000001fbb330c5d0
Event: 1.208 Thread 0x000001fbb330d230 Thread added: 0x000001fbb330d230
Event: 1.233 Thread 0x000001fbb3373a80 Thread added: 0x000001fbb3373a80
Event: 1.233 Thread 0x000001fbb33777c0 Thread added: 0x000001fbb33777c0
Event: 1.292 Thread 0x000001fb98456710 Thread added: 0x000001fb98456710
Event: 1.394 Thread 0x000001fbb78fc420 Thread added: 0x000001fbb78fc420


Dynamic libraries:
0x00007ff653bb0000 - 0x00007ff653bb8000 	C:\Program Files\Java\jdk-19\bin\javac.exe
0x00007ff871fa0000 - 0x00007ff8721a9000 	C:\WINDOWS\SYSTEM32\ntdll.dll
0x00007ff8707b0000 - 0x00007ff87086e000 	C:\WINDOWS\System32\KERNEL32.DLL
0x00007ff86fa00000 - 0x00007ff86fd7b000 	C:\WINDOWS\System32\KERNELBASE.dll
0x00007ff86f470000 - 0x00007ff86f581000 	C:\WINDOWS\System32\ucrtbase.dll
0x00007ff867c00000 - 0x00007ff867c18000 	C:\Program Files\Java\jdk-19\bin\jli.dll
0x00007ff8714c0000 - 0x00007ff87156e000 	C:\WINDOWS\System32\ADVAPI32.dll
0x00007ff870460000 - 0x00007ff870503000 	C:\WINDOWS\System32\msvcrt.dll
0x00007ff8715e0000 - 0x00007ff87167e000 	C:\WINDOWS\System32\sechost.dll
0x00007ff870340000 - 0x00007ff870460000 	C:\WINDOWS\System32\RPCRT4.dll
0x00007ff870e80000 - 0x00007ff87102d000 	C:\WINDOWS\System32\USER32.dll
0x00007ff86f590000 - 0x00007ff86f5b6000 	C:\WINDOWS\System32\win32u.dll
0x00007ff86ff10000 - 0x00007ff86ff39000 	C:\WINDOWS\System32\GDI32.dll
0x00007ff86f870000 - 0x00007ff86f988000 	C:\WINDOWS\System32\gdi32full.dll
0x00007ff86fd80000 - 0x00007ff86fe1d000 	C:\WINDOWS\System32\msvcp_win.dll
0x00007ff848ca0000 - 0x00007ff848cbb000 	C:\Program Files\Java\jdk-19\bin\VCRUNTIME140.dll
0x00007ff8580a0000 - 0x00007ff858345000 	C:\WINDOWS\WinSxS\amd64_microsoft.windows.common-controls_6595b64144ccf1df_6.0.22000.120_none_9d947278b86cc467\COMCTL32.dll
0x00007ff867810000 - 0x00007ff86781a000 	C:\WINDOWS\SYSTEM32\VERSION.dll
0x00007ff870dd0000 - 0x00007ff870e02000 	C:\WINDOWS\System32\IMM32.DLL
0x00007ff85c530000 - 0x00007ff85c53c000 	C:\Program Files\Java\jdk-19\bin\vcruntime140_1.dll
0x00007ff83f010000 - 0x00007ff83f09e000 	C:\Program Files\Java\jdk-19\bin\msvcp140.dll
0x00007ff831e10000 - 0x00007ff832ad0000 	C:\Program Files\Java\jdk-19\bin\server\jvm.dll
0x00007ff85f4c0000 - 0x00007ff85f4c9000 	C:\WINDOWS\SYSTEM32\WSOCK32.dll
0x00007ff871570000 - 0x00007ff8715df000 	C:\WINDOWS\System32\WS2_32.dll
0x00007ff8677d0000 - 0x00007ff867803000 	C:\WINDOWS\SYSTEM32\WINMM.dll
0x00007ff86e4f0000 - 0x00007ff86e508000 	C:\WINDOWS\SYSTEM32\kernel.appcore.dll
0x00007ff859280000 - 0x00007ff85928a000 	C:\Program Files\Java\jdk-19\bin\jimage.dll
0x00007ff86d1a0000 - 0x00007ff86d3c1000 	C:\WINDOWS\SYSTEM32\DBGHELP.DLL
0x00007ff855ff0000 - 0x00007ff856021000 	C:\WINDOWS\SYSTEM32\dbgcore.DLL
0x00007ff86f680000 - 0x00007ff86f6ff000 	C:\WINDOWS\System32\bcryptPrimitives.dll
0x00007ff842cb0000 - 0x00007ff842cd6000 	C:\Program Files\Java\jdk-19\bin\java.dll
0x00007ff840250000 - 0x00007ff840327000 	C:\Program Files\Java\jdk-19\bin\jsvml.dll
0x00007ff8717a0000 - 0x00007ff871f58000 	C:\WINDOWS\System32\SHELL32.dll
0x00007ff86d560000 - 0x00007ff86ddc5000 	C:\WINDOWS\SYSTEM32\windows.storage.dll
0x00007ff871030000 - 0x00007ff8713a8000 	C:\WINDOWS\System32\combase.dll
0x00007ff86d3f0000 - 0x00007ff86d556000 	C:\WINDOWS\SYSTEM32\wintypes.dll
0x00007ff86fe20000 - 0x00007ff86ff0a000 	C:\WINDOWS\System32\SHCORE.dll
0x00007ff8713f0000 - 0x00007ff87144d000 	C:\WINDOWS\System32\shlwapi.dll
0x00007ff86f3a0000 - 0x00007ff86f3c1000 	C:\WINDOWS\SYSTEM32\profapi.dll
0x00007ff847890000 - 0x00007ff8478a3000 	C:\Program Files\Java\jdk-19\bin\net.dll
0x00007ff8651f0000 - 0x00007ff865304000 	C:\WINDOWS\SYSTEM32\WINHTTP.dll
0x00007ff86e990000 - 0x00007ff86e9f7000 	C:\WINDOWS\system32\mswsock.dll
0x00007ff845f90000 - 0x00007ff845fa6000 	C:\Program Files\Java\jdk-19\bin\nio.dll
0x00007ff843bd0000 - 0x00007ff843be8000 	C:\Program Files\Java\jdk-19\bin\zip.dll

dbghelp: loaded successfully - version: 4.0.5 - missing functions: none
symbol engine: initialized successfully - sym options: 0x614 - pdb path: .;C:\Program Files\Java\jdk-19\bin;C:\WINDOWS\SYSTEM32;C:\WINDOWS\WinSxS\amd64_microsoft.windows.common-controls_6595b64144ccf1df_6.0.22000.120_none_9d947278b86cc467;C:\Program Files\Java\jdk-19\bin\server

VM Arguments:
jvm_args: -Dapplication.home=C:\Program Files\Java\jdk-19 --add-modules=ALL-DEFAULT -Xms8m -Djdk.module.main=jdk.compiler 
java_command: jdk.compiler/com.sun.tools.javac.Main -d C:\Users\lenovo\Documents\NetBeansProjects\umkm\build\classes -classpath C:\Users\lenovo\Documents\NetBeansProjects\umkm\build\classes;C:\Program Files\NetBeans-15\netbeans\java\modules\ext\AbsoluteLayout.jar;C:\Users\lenovo\Documents\mysql-connector-java-8.0.27.jar;C:\Users\lenovo\Documents\JCalendar-1.3.3.jar -sourcepath C:\Users\lenovo\Documents\NetBeansProjects\umkm\build\empty -target 1.8 -encoding UTF-8 -g -processorpath C:\Program Files\NetBeans-15\netbeans\java\modules\ext\AbsoluteLayout.jar;C:\Users\lenovo\Documents\NetBeansProjects\umkm\${libs.MySQLDriver.classpath};C:\Users\HP\Downloads\mysql-connector-java-8.0.27.jar;C:\Users\lenovo\Documents\mysql-connector-java-8.0.27.jar;C:\Users\lenovo\Documents\PENTING\JCalendar-1.3.3.jar;C:\Users\lenovo\Documents\JCalendar-1.3.3.jar;C:\Users\lenovo\Documents\NetBeansProjects\umkm\build\empty -s C:\Users\lenovo\Documents\NetBeansProjects\umkm\build\generated-sources\ap-source-output -source 1.8 C:\Users\lenovo\Documents\NetBeansProjects\umkm\src\base\barang1.java C:\Users\lenovo\Documents\NetBeansProjects\umkm\src\base\dashboard1.java C:\Users\lenovo\Documents\NetBeansProjects\umkm\src\base\koneksi.java C:\Users\lenovo\Documents\NetBeansProjects\umkm\src\base\laporan.java C:\Users\lenovo\Documents\NetBeansProjects\umkm\src\base\laporanpembelian.java C:\Users\lenovo\Documents\NetBeansProjects\umkm\src\base\login1.java C:\Users\lenovo\Documents\NetBeansProjects\umkm\src\base\register.java C:\Users\lenovo\Documents\NetBeansProjects\umkm\src\base\supplier.java C:\Users\lenovo\Documents\NetBeansProjects\umkm\src\base\transaksi.java C:\Users\lenovo\Documents\NetBeansProjects\umkm\src\base\transaksipembelian.java C:\Users\lenovo\Documents\NetBeansProjects\umkm\src\base\transaksipenjualan.java
java_class_path (initial): <not set>
Launcher Type: SUN_STANDARD

[Global flags]
     intx CICompilerCount                          = 2                                         {product} {ergonomic}
     uint ConcGCThreads                            = 1                                         {product} {ergonomic}
     uint G1ConcRefinementThreads                  = 2                                         {product} {ergonomic}
   size_t G1HeapRegionSize                         = 1048576                                   {product} {ergonomic}
    uintx GCDrainStackTargetSize                   = 64                                        {product} {ergonomic}
   size_t InitialHeapSize                          = 8388608                                   {product} {command line}
   size_t MarkStackSize                            = 4194304                                   {product} {ergonomic}
   size_t MaxHeapSize                              = 908066816                                 {product} {ergonomic}
   size_t MaxNewSize                               = 544210944                                 {product} {ergonomic}
   size_t MinHeapDeltaBytes                        = 1048576                                   {product} {ergonomic}
   size_t MinHeapSize                              = 8388608                                   {product} {command line}
    uintx NonNMethodCodeHeapSize                   = 5826188                                {pd product} {ergonomic}
    uintx NonProfiledCodeHeapSize                  = 122916026                              {pd product} {ergonomic}
    uintx ProfiledCodeHeapSize                     = 122916026                              {pd product} {ergonomic}
    uintx ReservedCodeCacheSize                    = 251658240                              {pd product} {ergonomic}
     bool SegmentedCodeCache                       = true                                      {product} {ergonomic}
   size_t SoftMaxHeapSize                          = 908066816                              {manageable} {ergonomic}
     bool UseCompressedClassPointers               = true                           {product lp64_product} {ergonomic}
     bool UseCompressedOops                        = true                           {product lp64_product} {ergonomic}
     bool UseG1GC                                  = true                                      {product} {ergonomic}
     bool UseLargePagesIndividualAllocation        = false                                  {pd product} {ergonomic}

Logging:
Log output configuration:
 #0: stdout all=warning uptime,level,tags foldmultilines=false
 #1: stderr all=off uptime,level,tags foldmultilines=false

Environment Variables:
PATH=C:\Program Files\Common Files\Oracle\Java\javapath;C:\Program Files (x86)\Common Files\Oracle\Java\javapath;C:\WINDOWS\system32;C:\WINDOWS;C:\WINDOWS\System32\Wbem;C:\WINDOWS\System32\WindowsPowerShell\v1.0\;C:\WINDOWS\System32\OpenSSH\;C:\Users\lenovo\AppData\Local\Microsoft\WindowsApps;
USERNAME=lenovo
OS=Windows_NT
PROCESSOR_IDENTIFIER=AMD64 Family 23 Model 24 Stepping 1, AuthenticAMD
TMP=C:\Users\lenovo\AppData\Local\Temp
TEMP=C:\Users\lenovo\AppData\Local\Temp



---------------  S Y S T E M  ---------------

OS:
 Windows 11 , 64 bit Build 22000 (10.0.22000.1219)
OS uptime: 7 days 0:20 hours

CPU: total 2 (initial active 2) (2 cores per cpu, 1 threads per core) family 23 model 24 stepping 1 microcode 0x0, cx8, cmov, fxsr, mmx, 3dnowpref, sse, sse2, sse3, ssse3, sse4a, sse4.1, sse4.2, popcnt, lzcnt, tsc, tscinvbit, avx, avx2, aes, clmul, bmi1, bmi2, adx, sha, fma, vzeroupper, clflush, clflushopt, rdtscp

Memory: 4k page, system-wide physical 3460M (145M free)
TotalPageFile size 14212M (AvailPageFile size 3M)
current process WorkingSet (physical memory assigned to process): 100M, peak: 103M
current process commit charge ("private bytes"): 127M, peak: 127M

vm_info: Java HotSpot(TM) 64-Bit Server VM (19+36-2238) for windows-amd64 JRE (19+36-2238), built on 2022-08-12T20:29:01Z by "mach5one" with MS VC++ 17.1 (VS2022)

END.
