#
# There is insufficient memory for the Java Runtime Environment to continue.
# Native memory allocation (malloc) failed to allocate 32744 bytes for Chunk::new
# Possible reasons:
#   The system is out of physical RAM or swap space
#   The process is running with CompressedOops enabled, and the Java Heap may be blocking the growth of the native heap
# Possible solutions:
#   Reduce memory load on the system
#   Increase physical memory or swap space
#   Check if swap backing store is full
#   Decrease Java heap size (-Xmx/-Xms)
#   Decrease number of Java threads
#   Decrease Java thread stack sizes (-Xss)
#   Set larger code cache with -XX:ReservedCodeCacheSize=
#   JVM is running with Unscaled Compressed Oops mode in which the Java heap is
#     placed in the first 4GB address space. The Java Heap base address is the
#     maximum limit for the native heap growth. Please use -XX:HeapBaseMinAddress
#     to set the Java Heap base and to place the Java Heap above 4GB virtual address.
# This output file may be truncated or incomplete.
#
#  Out of Memory Error (arena.cpp:184), pid=60532, tid=64228
#
# JRE version: Java(TM) SE Runtime Environment (19.0+36) (build 19+36-2238)
# Java VM: Java HotSpot(TM) 64-Bit Server VM (19+36-2238, mixed mode, tiered, compressed oops, compressed class ptrs, g1 gc, windows-amd64)
# No core dump will be written. Minidumps are not enabled by default on client versions of Windows
#

---------------  S U M M A R Y ------------

Command Line: -Dfile.encoding=UTF-8 base.transaksipembelian

Host: AMD Athlon Silver 3050U with Radeon Graphics   , 2 cores, 3G,  Windows 11 , 64 bit Build 22000 (10.0.22000.1219)
Time: Tue Dec 20 17:44:40 2022 SE Asia Standard Time elapsed time: 1.683309 seconds (0d 0h 0m 1s)

---------------  T H R E A D  ---------------

Current thread (0x0000024b52840680):  JavaThread "C1 CompilerThread0" daemon [_thread_in_native, id=64228, stack(0x000000ffd9700000,0x000000ffd9800000)]


Current CompileTask:
C1:   1683  221       3       jdk.internal.org.objectweb.asm.Frame::execute (2305 bytes)

Stack: [0x000000ffd9700000,0x000000ffd9800000]
Native frames: (J=compiled Java code, j=interpreted, Vv=VM code, C=native code)
V  [jvm.dll+0x6ee8fa]
V  [jvm.dll+0x857a1e]
V  [jvm.dll+0x85940e]
V  [jvm.dll+0x859ac3]
V  [jvm.dll+0x28291f]
V  [jvm.dll+0xc9b5f]
V  [jvm.dll+0xc9ee5]
V  [jvm.dll+0x148c35]
V  [jvm.dll+0x1a7631]
V  [jvm.dll+0x1a7c23]
V  [jvm.dll+0x161743]
V  [jvm.dll+0x161022]
V  [jvm.dll+0x161278]
V  [jvm.dll+0x1606d6]
V  [jvm.dll+0x1623cd]
V  [jvm.dll+0x25b0fa]
V  [jvm.dll+0x259588]
V  [jvm.dll+0x807928]
V  [jvm.dll+0x8015fa]
V  [jvm.dll+0x6ed5eb]
C  [ucrtbase.dll+0x26c0c]
C  [KERNEL32.DLL+0x15550]
C  [ntdll.dll+0x485b]


---------------  P R O C E S S  ---------------

Threads class SMR info:
_java_thread_list=0x0000024b5292e450, length=12, elements={
0x0000024b3158e170, 0x0000024b4e5da550, 0x0000024b4e5db020, 0x0000024b4e5ddb00,
0x0000024b4e5de430, 0x0000024b4e5ded60, 0x0000024b4e5df690, 0x0000024b4e5b0830,
0x0000024b52840680, 0x0000024b4e5fdbe0, 0x0000024b5294b8a0, 0x0000024b52960010
}

Java Threads: ( => current thread )
  0x0000024b3158e170 JavaThread "main" [_thread_in_Java, id=63672, stack(0x000000ffd8900000,0x000000ffd8a00000)]
  0x0000024b4e5da550 JavaThread "Reference Handler" daemon [_thread_blocked, id=63800, stack(0x000000ffd9000000,0x000000ffd9100000)]
  0x0000024b4e5db020 JavaThread "Finalizer" daemon [_thread_blocked, id=54708, stack(0x000000ffd9100000,0x000000ffd9200000)]
  0x0000024b4e5ddb00 JavaThread "Signal Dispatcher" daemon [_thread_blocked, id=63612, stack(0x000000ffd9200000,0x000000ffd9300000)]
  0x0000024b4e5de430 JavaThread "Attach Listener" daemon [_thread_blocked, id=63328, stack(0x000000ffd9300000,0x000000ffd9400000)]
  0x0000024b4e5ded60 JavaThread "Service Thread" daemon [_thread_blocked, id=59800, stack(0x000000ffd9400000,0x000000ffd9500000)]
  0x0000024b4e5df690 JavaThread "Monitor Deflation Thread" daemon [_thread_blocked, id=63804, stack(0x000000ffd9500000,0x000000ffd9600000)]
  0x0000024b4e5b0830 JavaThread "C2 CompilerThread0" daemon [_thread_blocked, id=59540, stack(0x000000ffd9600000,0x000000ffd9700000)]
=>0x0000024b52840680 JavaThread "C1 CompilerThread0" daemon [_thread_in_native, id=64228, stack(0x000000ffd9700000,0x000000ffd9800000)]
  0x0000024b4e5fdbe0 JavaThread "Sweeper thread" daemon [_thread_blocked, id=63252, stack(0x000000ffd9800000,0x000000ffd9900000)]
  0x0000024b5294b8a0 JavaThread "Notification Thread" daemon [_thread_blocked, id=62736, stack(0x000000ffd9900000,0x000000ffd9a00000)]
  0x0000024b52960010 JavaThread "Common-Cleaner" daemon [_thread_blocked, id=63416, stack(0x000000ffd9b00000,0x000000ffd9c00000)]

Other Threads:
  0x0000024b4e55e030 VMThread "VM Thread" [stack: 0x000000ffd8f00000,0x000000ffd9000000] [id=64332]
  0x0000024b5294bde0 WatcherThread "VM Periodic Task Thread" [stack: 0x000000ffd9a00000,0x000000ffd9b00000] [id=64408]
  0x0000024b335d7300 WorkerThread "GC Thread#0" [stack: 0x000000ffd8a00000,0x000000ffd8b00000] [id=63760]
  0x0000024b335deea0 ConcurrentGCThread "G1 Main Marker" [stack: 0x000000ffd8b00000,0x000000ffd8c00000] [id=63768]
  0x0000024b335dfbd0 WorkerThread "G1 Conc#0" [stack: 0x000000ffd8c00000,0x000000ffd8d00000] [id=62372]
  0x0000024b33628860 ConcurrentGCThread "G1 Refine#0" [stack: 0x000000ffd8d00000,0x000000ffd8e00000] [id=55048]
  0x0000024b3362a3f0 ConcurrentGCThread "G1 Service" [stack: 0x000000ffd8e00000,0x000000ffd8f00000] [id=55944]

Threads with active compile tasks:
C1 CompilerThread0     1716  221       3       jdk.internal.org.objectweb.asm.Frame::execute (2305 bytes)

VM state: not at safepoint (normal execution)

VM Mutex/Monitor currently owned by a thread: None

Heap address: 0x00000000c9e00000, size: 866 MB, Compressed Oops mode: 32-bit

CDS archive(s) not mapped
Compressed class space mapped at: 0x0000000100000000-0x0000000140000000, reserved size: 1073741824
Narrow klass base: 0x0000000000000000, Narrow klass shift: 3, Narrow klass range: 0x140000000

GC Precious Log:
 CardTable entry size: 512
 Card Set container configuration: InlinePtr #cards 5 size 8 Array Of Cards #cards 12 size 40 Howl #buckets 4 coarsen threshold 1843 Howl Bitmap #cards 512 size 80 coarsen threshold 460 Card regions per heap region 1 cards per card region 2048
 CPUs: 2 total, 2 available
 Memory: 3460M
 Large Page Support: Disabled
 NUMA Support: Disabled
 Compressed Oops: Enabled (32-bit)
 Heap Region Size: 1M
 Heap Min Capacity: 8M
 Heap Initial Capacity: 56M
 Heap Max Capacity: 866M
 Pre-touch: Disabled
 Parallel Workers: 2
 Concurrent Workers: 1
 Concurrent Refinement Workers: 2
 Periodic GC: Disabled

Heap:
 garbage-first heap   total 57344K, used 1024K [0x00000000c9e00000, 0x0000000100000000)
  region size 1024K, 2 young (2048K), 0 survivors (0K)
 Metaspace       used 7635K, committed 7808K, reserved 1114112K
  class space    used 625K, committed 704K, reserved 1048576K

Heap Regions: E=young(eden), S=young(survivor), O=old, HS=humongous(starts), HC=humongous(continues), CS=collection set, F=free, OA=open archive, CA=closed archive, TAMS=top-at-mark-start (previous, next)
|   0|0x00000000c9e00000, 0x00000000c9e00000, 0x00000000c9f00000|  0%| F|  |TAMS 0x00000000c9e00000, 0x00000000c9e00000| Untracked 
|   1|0x00000000c9f00000, 0x00000000c9f00000, 0x00000000ca000000|  0%| F|  |TAMS 0x00000000c9f00000, 0x00000000c9f00000| Untracked 
|   2|0x00000000ca000000, 0x00000000ca000000, 0x00000000ca100000|  0%| F|  |TAMS 0x00000000ca000000, 0x00000000ca000000| Untracked 
|   3|0x00000000ca100000, 0x00000000ca100000, 0x00000000ca200000|  0%| F|  |TAMS 0x00000000ca100000, 0x00000000ca100000| Untracked 
|   4|0x00000000ca200000, 0x00000000ca200000, 0x00000000ca300000|  0%| F|  |TAMS 0x00000000ca200000, 0x00000000ca200000| Untracked 
|   5|0x00000000ca300000, 0x00000000ca300000, 0x00000000ca400000|  0%| F|  |TAMS 0x00000000ca300000, 0x00000000ca300000| Untracked 
|   6|0x00000000ca400000, 0x00000000ca400000, 0x00000000ca500000|  0%| F|  |TAMS 0x00000000ca400000, 0x00000000ca400000| Untracked 
|   7|0x00000000ca500000, 0x00000000ca500000, 0x00000000ca600000|  0%| F|  |TAMS 0x00000000ca500000, 0x00000000ca500000| Untracked 
|   8|0x00000000ca600000, 0x00000000ca600000, 0x00000000ca700000|  0%| F|  |TAMS 0x00000000ca600000, 0x00000000ca600000| Untracked 
|   9|0x00000000ca700000, 0x00000000ca700000, 0x00000000ca800000|  0%| F|  |TAMS 0x00000000ca700000, 0x00000000ca700000| Untracked 
|  10|0x00000000ca800000, 0x00000000ca800000, 0x00000000ca900000|  0%| F|  |TAMS 0x00000000ca800000, 0x00000000ca800000| Untracked 
|  11|0x00000000ca900000, 0x00000000ca900000, 0x00000000caa00000|  0%| F|  |TAMS 0x00000000ca900000, 0x00000000ca900000| Untracked 
|  12|0x00000000caa00000, 0x00000000caa00000, 0x00000000cab00000|  0%| F|  |TAMS 0x00000000caa00000, 0x00000000caa00000| Untracked 
|  13|0x00000000cab00000, 0x00000000cab00000, 0x00000000cac00000|  0%| F|  |TAMS 0x00000000cab00000, 0x00000000cab00000| Untracked 
|  14|0x00000000cac00000, 0x00000000cac00000, 0x00000000cad00000|  0%| F|  |TAMS 0x00000000cac00000, 0x00000000cac00000| Untracked 
|  15|0x00000000cad00000, 0x00000000cad00000, 0x00000000cae00000|  0%| F|  |TAMS 0x00000000cad00000, 0x00000000cad00000| Untracked 
|  16|0x00000000cae00000, 0x00000000cae00000, 0x00000000caf00000|  0%| F|  |TAMS 0x00000000cae00000, 0x00000000cae00000| Untracked 
|  17|0x00000000caf00000, 0x00000000caf00000, 0x00000000cb000000|  0%| F|  |TAMS 0x00000000caf00000, 0x00000000caf00000| Untracked 
|  18|0x00000000cb000000, 0x00000000cb000000, 0x00000000cb100000|  0%| F|  |TAMS 0x00000000cb000000, 0x00000000cb000000| Untracked 
|  19|0x00000000cb100000, 0x00000000cb100000, 0x00000000cb200000|  0%| F|  |TAMS 0x00000000cb100000, 0x00000000cb100000| Untracked 
|  20|0x00000000cb200000, 0x00000000cb200000, 0x00000000cb300000|  0%| F|  |TAMS 0x00000000cb200000, 0x00000000cb200000| Untracked 
|  21|0x00000000cb300000, 0x00000000cb300000, 0x00000000cb400000|  0%| F|  |TAMS 0x00000000cb300000, 0x00000000cb300000| Untracked 
|  22|0x00000000cb400000, 0x00000000cb400000, 0x00000000cb500000|  0%| F|  |TAMS 0x00000000cb400000, 0x00000000cb400000| Untracked 
|  23|0x00000000cb500000, 0x00000000cb500000, 0x00000000cb600000|  0%| F|  |TAMS 0x00000000cb500000, 0x00000000cb500000| Untracked 
|  24|0x00000000cb600000, 0x00000000cb600000, 0x00000000cb700000|  0%| F|  |TAMS 0x00000000cb600000, 0x00000000cb600000| Untracked 
|  25|0x00000000cb700000, 0x00000000cb700000, 0x00000000cb800000|  0%| F|  |TAMS 0x00000000cb700000, 0x00000000cb700000| Untracked 
|  26|0x00000000cb800000, 0x00000000cb800000, 0x00000000cb900000|  0%| F|  |TAMS 0x00000000cb800000, 0x00000000cb800000| Untracked 
|  27|0x00000000cb900000, 0x00000000cb900000, 0x00000000cba00000|  0%| F|  |TAMS 0x00000000cb900000, 0x00000000cb900000| Untracked 
|  28|0x00000000cba00000, 0x00000000cba00000, 0x00000000cbb00000|  0%| F|  |TAMS 0x00000000cba00000, 0x00000000cba00000| Untracked 
|  29|0x00000000cbb00000, 0x00000000cbb00000, 0x00000000cbc00000|  0%| F|  |TAMS 0x00000000cbb00000, 0x00000000cbb00000| Untracked 
|  30|0x00000000cbc00000, 0x00000000cbc00000, 0x00000000cbd00000|  0%| F|  |TAMS 0x00000000cbc00000, 0x00000000cbc00000| Untracked 
|  31|0x00000000cbd00000, 0x00000000cbd00000, 0x00000000cbe00000|  0%| F|  |TAMS 0x00000000cbd00000, 0x00000000cbd00000| Untracked 
|  32|0x00000000cbe00000, 0x00000000cbe00000, 0x00000000cbf00000|  0%| F|  |TAMS 0x00000000cbe00000, 0x00000000cbe00000| Untracked 
|  33|0x00000000cbf00000, 0x00000000cbf00000, 0x00000000cc000000|  0%| F|  |TAMS 0x00000000cbf00000, 0x00000000cbf00000| Untracked 
|  34|0x00000000cc000000, 0x00000000cc000000, 0x00000000cc100000|  0%| F|  |TAMS 0x00000000cc000000, 0x00000000cc000000| Untracked 
|  35|0x00000000cc100000, 0x00000000cc100000, 0x00000000cc200000|  0%| F|  |TAMS 0x00000000cc100000, 0x00000000cc100000| Untracked 
|  36|0x00000000cc200000, 0x00000000cc200000, 0x00000000cc300000|  0%| F|  |TAMS 0x00000000cc200000, 0x00000000cc200000| Untracked 
|  37|0x00000000cc300000, 0x00000000cc300000, 0x00000000cc400000|  0%| F|  |TAMS 0x00000000cc300000, 0x00000000cc300000| Untracked 
|  38|0x00000000cc400000, 0x00000000cc400000, 0x00000000cc500000|  0%| F|  |TAMS 0x00000000cc400000, 0x00000000cc400000| Untracked 
|  39|0x00000000cc500000, 0x00000000cc500000, 0x00000000cc600000|  0%| F|  |TAMS 0x00000000cc500000, 0x00000000cc500000| Untracked 
|  40|0x00000000cc600000, 0x00000000cc600000, 0x00000000cc700000|  0%| F|  |TAMS 0x00000000cc600000, 0x00000000cc600000| Untracked 
|  41|0x00000000cc700000, 0x00000000cc700000, 0x00000000cc800000|  0%| F|  |TAMS 0x00000000cc700000, 0x00000000cc700000| Untracked 
|  42|0x00000000cc800000, 0x00000000cc800000, 0x00000000cc900000|  0%| F|  |TAMS 0x00000000cc800000, 0x00000000cc800000| Untracked 
|  43|0x00000000cc900000, 0x00000000cc900000, 0x00000000cca00000|  0%| F|  |TAMS 0x00000000cc900000, 0x00000000cc900000| Untracked 
|  44|0x00000000cca00000, 0x00000000cca00000, 0x00000000ccb00000|  0%| F|  |TAMS 0x00000000cca00000, 0x00000000cca00000| Untracked 
|  45|0x00000000ccb00000, 0x00000000ccb00000, 0x00000000ccc00000|  0%| F|  |TAMS 0x00000000ccb00000, 0x00000000ccb00000| Untracked 
|  46|0x00000000ccc00000, 0x00000000ccc00000, 0x00000000ccd00000|  0%| F|  |TAMS 0x00000000ccc00000, 0x00000000ccc00000| Untracked 
|  47|0x00000000ccd00000, 0x00000000ccd00000, 0x00000000cce00000|  0%| F|  |TAMS 0x00000000ccd00000, 0x00000000ccd00000| Untracked 
|  48|0x00000000cce00000, 0x00000000cce00000, 0x00000000ccf00000|  0%| F|  |TAMS 0x00000000cce00000, 0x00000000cce00000| Untracked 
|  49|0x00000000ccf00000, 0x00000000ccf00000, 0x00000000cd000000|  0%| F|  |TAMS 0x00000000ccf00000, 0x00000000ccf00000| Untracked 
|  50|0x00000000cd000000, 0x00000000cd000000, 0x00000000cd100000|  0%| F|  |TAMS 0x00000000cd000000, 0x00000000cd000000| Untracked 
|  51|0x00000000cd100000, 0x00000000cd100000, 0x00000000cd200000|  0%| F|  |TAMS 0x00000000cd100000, 0x00000000cd100000| Untracked 
|  52|0x00000000cd200000, 0x00000000cd200000, 0x00000000cd300000|  0%| F|  |TAMS 0x00000000cd200000, 0x00000000cd200000| Untracked 
|  53|0x00000000cd300000, 0x00000000cd300000, 0x00000000cd400000|  0%| F|  |TAMS 0x00000000cd300000, 0x00000000cd300000| Untracked 
|  54|0x00000000cd400000, 0x00000000cd4b6f10, 0x00000000cd500000| 71%| E|  |TAMS 0x00000000cd400000, 0x00000000cd400000| Complete 
|  55|0x00000000cd500000, 0x00000000cd600000, 0x00000000cd600000|100%| E|CS|TAMS 0x00000000cd500000, 0x00000000cd500000| Complete 

Card table byte_map: [0x0000024b33370000,0x0000024b33530000] _byte_map_base: 0x0000024b32d21000

Marking Bits (Prev, Next): (CMBitMap*) 0x0000024b335d7930, (CMBitMap*) 0x0000024b335d7970
 Prev Bits: [0x0000024b4a6c0000, 0x0000024b4b448000)
 Next Bits: [0x0000024b4b450000, 0x0000024b4c1d8000)

Polling page: 0x0000024b32d70000

Metaspace:

Usage:
  Non-class:      6.85 MB used.
      Class:    625.12 KB used.
       Both:      7.46 MB used.

Virtual space:
  Non-class space:       64.00 MB reserved,       6.94 MB ( 11%) committed,  1 nodes.
      Class space:        1.00 GB reserved,     704.00 KB ( <1%) committed,  1 nodes.
             Both:        1.06 GB reserved,       7.62 MB ( <1%) committed. 

Chunk freelists:
   Non-Class:  998.00 KB
       Class:  3.24 MB
        Both:  4.21 MB

MaxMetaspaceSize: unlimited
CompressedClassSpaceSize: 1.00 GB
Initial GC threshold: 21.00 MB
Current GC threshold: 21.00 MB
CDS: off
MetaspaceReclaimPolicy: balanced
 - commit_granule_bytes: 65536.
 - commit_granule_words: 8192.
 - virtual_space_node_default_size: 8388608.
 - enlarge_chunks_in_place: 1.
 - new_chunks_are_fully_committed: 0.
 - uncommit_free_chunks: 1.
 - use_allocation_guard: 0.


Internal statistics:

num_allocs_failed_limit: 0.
num_arena_births: 32.
num_arena_deaths: 0.
num_vsnodes_births: 2.
num_vsnodes_deaths: 0.
num_space_committed: 122.
num_space_uncommitted: 0.
num_chunks_returned_to_freelist: 0.
num_chunks_taken_from_freelist: 51.
num_chunk_merges: 0.
num_chunk_splits: 29.
num_chunks_enlarged: 17.
num_inconsistent_stats: 0.

CodeHeap 'non-profiled nmethods': size=120064Kb used=68Kb max_used=68Kb free=119995Kb
 bounds [0x0000024b42fc0000, 0x0000024b43230000, 0x0000024b4a500000]
CodeHeap 'profiled nmethods': size=120000Kb used=246Kb max_used=246Kb free=119754Kb
 bounds [0x0000024b3b500000, 0x0000024b3b770000, 0x0000024b42a30000]
CodeHeap 'non-nmethods': size=5696Kb used=1199Kb max_used=1211Kb free=4497Kb
 bounds [0x0000024b42a30000, 0x0000024b42ca0000, 0x0000024b42fc0000]
 total_blobs=623 nmethods=225 adapters=309
 compilation: enabled
              stopped_count=0, restarted_count=0
 full_count=0

Compilation events (20 events):
Event: 1.661 Thread 0x0000024b52840680 nmethod 206 0x0000024b3b538c10 code [0x0000024b3b538e20, 0x0000024b3b539428]
Event: 1.662 Thread 0x0000024b52840680  207       1       java.lang.invoke.MethodHandle::type (5 bytes)
Event: 1.662 Thread 0x0000024b52840680 nmethod 207 0x0000024b42fceb90 code [0x0000024b42fced20, 0x0000024b42fcedd8]
Event: 1.662 Thread 0x0000024b52840680  208       3       java.lang.invoke.MethodType::parameterCount (6 bytes)
Event: 1.662 Thread 0x0000024b52840680 nmethod 208 0x0000024b3b539690 code [0x0000024b3b539820, 0x0000024b3b539938]
Event: 1.669 Thread 0x0000024b52840680  209       3       java.util.Arrays::copyOf (40 bytes)
Event: 1.670 Thread 0x0000024b52840680 nmethod 209 0x0000024b3b539a10 code [0x0000024b3b539c20, 0x0000024b3b53a2c8]
Event: 1.670 Thread 0x0000024b52840680  210       3       java.lang.invoke.MethodType::checkPtypes (76 bytes)
Event: 1.671 Thread 0x0000024b52840680 nmethod 210 0x0000024b3b53a510 code [0x0000024b3b53a7a0, 0x0000024b3b53b228]
Event: 1.671 Thread 0x0000024b52840680  211       3       java.lang.invoke.MemberName::initResolved (53 bytes)
Event: 1.671 Thread 0x0000024b52840680 nmethod 211 0x0000024b3b53b690 code [0x0000024b3b53b840, 0x0000024b3b53b9f8]
Event: 1.672 Thread 0x0000024b52840680  214       3       java.lang.invoke.MethodType::makeImpl (109 bytes)
Event: 1.673 Thread 0x0000024b52840680 nmethod 214 0x0000024b3b53ba90 code [0x0000024b3b53bd40, 0x0000024b3b53caf8]
Event: 1.673 Thread 0x0000024b52840680  215       3       java.lang.ref.Reference::<init> (25 bytes)
Event: 1.673 Thread 0x0000024b52840680 nmethod 215 0x0000024b3b53cf90 code [0x0000024b3b53d140, 0x0000024b3b53d3b8]
Event: 1.674 Thread 0x0000024b52840680  219       1       java.lang.invoke.MethodTypeForm::erasedType (5 bytes)
Event: 1.674 Thread 0x0000024b52840680 nmethod 219 0x0000024b42fcfd90 code [0x0000024b42fcff20, 0x0000024b42fcffd8]
Event: 1.674 Thread 0x0000024b52840680  220       3       java.lang.StringBuilder::<init> (7 bytes)
Event: 1.674 Thread 0x0000024b52840680 nmethod 220 0x0000024b3b53d490 code [0x0000024b3b53d640, 0x0000024b3b53d788]
Event: 1.674 Thread 0x0000024b52840680  221       3       jdk.internal.org.objectweb.asm.Frame::execute (2305 bytes)

GC Heap History (0 events):
No events

Dll operation events (7 events):
Event: 0.037 Loaded shared library C:\Program Files\Java\jdk-19\bin\java.dll
Event: 0.248 Loaded shared library C:\Program Files\Java\jdk-19\bin\jsvml.dll
Event: 1.222 Loaded shared library C:\Program Files\Java\jdk-19\bin\net.dll
Event: 1.226 Loaded shared library C:\Program Files\Java\jdk-19\bin\nio.dll
Event: 1.238 Loaded shared library C:\Program Files\Java\jdk-19\bin\zip.dll
Event: 1.314 Loaded shared library C:\Program Files\Java\jdk-19\bin\jimage.dll
Event: 1.573 Loaded shared library C:\Program Files\Java\jdk-19\bin\awt.dll

Deoptimization events (0 events):
No events

Classes loaded (20 events):
Event: 1.531 Loading class sun/awt/resources/awt_en_US
Event: 1.531 Loading class sun/awt/resources/awt_en_US done
Event: 1.531 Loading class sun/awt/resources/awt_en_US
Event: 1.531 Loading class sun/awt/resources/awt_en_US done
Event: 1.531 Loading class java/awt/Toolkit$2
Event: 1.531 Loading class java/awt/Toolkit$2 done
Event: 1.645 Loading class java/awt/Toolkit$1
Event: 1.645 Loading class java/awt/Toolkit$1 done
Event: 1.646 Loading class java/lang/invoke/MethodHandleImpl$AsVarargsCollector
Event: 1.646 Loading class java/lang/invoke/MethodHandleImpl$AsVarargsCollector done
Event: 1.650 Loading class java/lang/invoke/MethodHandleImpl$IntrinsicMethodHandle
Event: 1.650 Loading class java/lang/invoke/MethodHandleImpl$IntrinsicMethodHandle done
Event: 1.650 Loading class sun/invoke/util/Wrapper$1
Event: 1.650 Loading class sun/invoke/util/Wrapper$1 done
Event: 1.651 Loading class java/lang/Long$LongCache
Event: 1.651 Loading class java/lang/Long$LongCache done
Event: 1.655 Loading class java/lang/invoke/BoundMethodHandle$Species_LL
Event: 1.656 Loading class java/lang/invoke/BoundMethodHandle$Species_LL done
Event: 1.662 Loading class java/lang/invoke/BoundMethodHandle$Species_LLL
Event: 1.665 Loading class java/lang/invoke/BoundMethodHandle$Species_LLL done

Classes unloaded (0 events):
No events

Classes redefined (0 events):
No events

Internal exceptions (1 events):
Event: 1.506 Thread 0x0000024b3158e170 Exception <a 'java/lang/ClassNotFoundException'{0x00000000cd45c4e8}: sun/awt/resources/spi/awtProvider> (0x00000000cd45c4e8) 
thrown [s\open\src\hotspot\share\classfile\systemDictionary.cpp, line 255]

VM Operations (0 events):
No events

Events (12 events):
Event: 0.248 Thread 0x0000024b3158e170 Thread added: 0x0000024b3158e170
Event: 0.827 Thread 0x0000024b4e5da550 Thread added: 0x0000024b4e5da550
Event: 0.827 Thread 0x0000024b4e5db020 Thread added: 0x0000024b4e5db020
Event: 0.840 Thread 0x0000024b4e5ddb00 Thread added: 0x0000024b4e5ddb00
Event: 0.840 Thread 0x0000024b4e5de430 Thread added: 0x0000024b4e5de430
Event: 0.840 Thread 0x0000024b4e5ded60 Thread added: 0x0000024b4e5ded60
Event: 0.841 Thread 0x0000024b4e5df690 Thread added: 0x0000024b4e5df690
Event: 0.841 Thread 0x0000024b4e5b0830 Thread added: 0x0000024b4e5b0830
Event: 0.865 Thread 0x0000024b52840680 Thread added: 0x0000024b52840680
Event: 0.881 Thread 0x0000024b4e5fdbe0 Thread added: 0x0000024b4e5fdbe0
Event: 0.997 Thread 0x0000024b5294b8a0 Thread added: 0x0000024b5294b8a0
Event: 1.060 Thread 0x0000024b52960010 Thread added: 0x0000024b52960010


Dynamic libraries:
0x00007ff710b50000 - 0x00007ff710b60000 	C:\Program Files\Java\jdk-19\bin\java.exe
0x00007ff871fa0000 - 0x00007ff8721a9000 	C:\WINDOWS\SYSTEM32\ntdll.dll
0x00007ff8707b0000 - 0x00007ff87086e000 	C:\WINDOWS\System32\KERNEL32.DLL
0x00007ff86fa00000 - 0x00007ff86fd7b000 	C:\WINDOWS\System32\KERNELBASE.dll
0x00007ff86f470000 - 0x00007ff86f581000 	C:\WINDOWS\System32\ucrtbase.dll
0x00007ff867c00000 - 0x00007ff867c18000 	C:\Program Files\Java\jdk-19\bin\jli.dll
0x00007ff8714c0000 - 0x00007ff87156e000 	C:\WINDOWS\System32\ADVAPI32.dll
0x00007ff870460000 - 0x00007ff870503000 	C:\WINDOWS\System32\msvcrt.dll
0x00007ff8715e0000 - 0x00007ff87167e000 	C:\WINDOWS\System32\sechost.dll
0x00007ff870340000 - 0x00007ff870460000 	C:\WINDOWS\System32\RPCRT4.dll
0x00007ff870e80000 - 0x00007ff87102d000 	C:\WINDOWS\System32\USER32.dll
0x00007ff86f590000 - 0x00007ff86f5b6000 	C:\WINDOWS\System32\win32u.dll
0x00007ff86ff10000 - 0x00007ff86ff39000 	C:\WINDOWS\System32\GDI32.dll
0x00007ff86f870000 - 0x00007ff86f988000 	C:\WINDOWS\System32\gdi32full.dll
0x00007ff86fd80000 - 0x00007ff86fe1d000 	C:\WINDOWS\System32\msvcp_win.dll
0x00007ff848ca0000 - 0x00007ff848cbb000 	C:\Program Files\Java\jdk-19\bin\VCRUNTIME140.dll
0x00007ff8580a0000 - 0x00007ff858345000 	C:\WINDOWS\WinSxS\amd64_microsoft.windows.common-controls_6595b64144ccf1df_6.0.22000.120_none_9d947278b86cc467\COMCTL32.dll
0x00007ff867810000 - 0x00007ff86781a000 	C:\WINDOWS\SYSTEM32\VERSION.dll
0x00007ff870dd0000 - 0x00007ff870e02000 	C:\WINDOWS\System32\IMM32.DLL
0x00007ff85c530000 - 0x00007ff85c53c000 	C:\Program Files\Java\jdk-19\bin\vcruntime140_1.dll
0x00007ff83f010000 - 0x00007ff83f09e000 	C:\Program Files\Java\jdk-19\bin\msvcp140.dll
0x00007ff831e10000 - 0x00007ff832ad0000 	C:\Program Files\Java\jdk-19\bin\server\jvm.dll
0x00007ff85f4c0000 - 0x00007ff85f4c9000 	C:\WINDOWS\SYSTEM32\WSOCK32.dll
0x00007ff871570000 - 0x00007ff8715df000 	C:\WINDOWS\System32\WS2_32.dll
0x00007ff8677d0000 - 0x00007ff867803000 	C:\WINDOWS\SYSTEM32\WINMM.dll
0x00007ff86e4f0000 - 0x00007ff86e508000 	C:\WINDOWS\SYSTEM32\kernel.appcore.dll
0x00007ff859280000 - 0x00007ff85928a000 	C:\Program Files\Java\jdk-19\bin\jimage.dll
0x00007ff86d1a0000 - 0x00007ff86d3c1000 	C:\WINDOWS\SYSTEM32\DBGHELP.DLL
0x00007ff855ff0000 - 0x00007ff856021000 	C:\WINDOWS\SYSTEM32\dbgcore.DLL
0x00007ff86f680000 - 0x00007ff86f6ff000 	C:\WINDOWS\System32\bcryptPrimitives.dll
0x00007ff842cb0000 - 0x00007ff842cd6000 	C:\Program Files\Java\jdk-19\bin\java.dll
0x00007ff840250000 - 0x00007ff840327000 	C:\Program Files\Java\jdk-19\bin\jsvml.dll
0x00007ff8717a0000 - 0x00007ff871f58000 	C:\WINDOWS\System32\SHELL32.dll
0x00007ff86d560000 - 0x00007ff86ddc5000 	C:\WINDOWS\SYSTEM32\windows.storage.dll
0x00007ff871030000 - 0x00007ff8713a8000 	C:\WINDOWS\System32\combase.dll
0x00007ff86d3f0000 - 0x00007ff86d556000 	C:\WINDOWS\SYSTEM32\wintypes.dll
0x00007ff86fe20000 - 0x00007ff86ff0a000 	C:\WINDOWS\System32\SHCORE.dll
0x00007ff8713f0000 - 0x00007ff87144d000 	C:\WINDOWS\System32\shlwapi.dll
0x00007ff86f3a0000 - 0x00007ff86f3c1000 	C:\WINDOWS\SYSTEM32\profapi.dll
0x00007ff847890000 - 0x00007ff8478a3000 	C:\Program Files\Java\jdk-19\bin\net.dll
0x00007ff8651f0000 - 0x00007ff865304000 	C:\WINDOWS\SYSTEM32\WINHTTP.dll
0x00007ff86e990000 - 0x00007ff86e9f7000 	C:\WINDOWS\system32\mswsock.dll
0x00007ff845f90000 - 0x00007ff845fa6000 	C:\Program Files\Java\jdk-19\bin\nio.dll
0x00007ff843bd0000 - 0x00007ff843be8000 	C:\Program Files\Java\jdk-19\bin\zip.dll
0x00007ff83a350000 - 0x00007ff83a4e1000 	C:\Program Files\Java\jdk-19\bin\awt.dll
0x00007ff8706d0000 - 0x00007ff8707a6000 	C:\WINDOWS\System32\OLEAUT32.dll
0x00007ff86c650000 - 0x00007ff86c6e2000 	C:\WINDOWS\SYSTEM32\apphelp.dll

dbghelp: loaded successfully - version: 4.0.5 - missing functions: none
symbol engine: initialized successfully - sym options: 0x614 - pdb path: .;C:\Program Files\Java\jdk-19\bin;C:\WINDOWS\SYSTEM32;C:\WINDOWS\WinSxS\amd64_microsoft.windows.common-controls_6595b64144ccf1df_6.0.22000.120_none_9d947278b86cc467;C:\Program Files\Java\jdk-19\bin\server

VM Arguments:
jvm_args: -Dfile.encoding=UTF-8 
java_command: base.transaksipembelian
java_class_path (initial): C:\Program Files\NetBeans-15\netbeans\java\modules\ext\AbsoluteLayout.jar;C:\Users\lenovo\Documents\mysql-connector-java-8.0.27.jar;C:\Users\lenovo\Documents\JCalendar-1.3.3.jar;C:\Users\lenovo\Documents\NetBeansProjects\umkm\build\classes
Launcher Type: SUN_STANDARD

[Global flags]
     intx CICompilerCount                          = 2                                         {product} {ergonomic}
     uint ConcGCThreads                            = 1                                         {product} {ergonomic}
     uint G1ConcRefinementThreads                  = 2                                         {product} {ergonomic}
   size_t G1HeapRegionSize                         = 1048576                                   {product} {ergonomic}
    uintx GCDrainStackTargetSize                   = 64                                        {product} {ergonomic}
   size_t InitialHeapSize                          = 58720256                                  {product} {ergonomic}
   size_t MarkStackSize                            = 4194304                                   {product} {ergonomic}
   size_t MaxHeapSize                              = 908066816                                 {product} {ergonomic}
   size_t MaxNewSize                               = 544210944                                 {product} {ergonomic}
   size_t MinHeapDeltaBytes                        = 1048576                                   {product} {ergonomic}
   size_t MinHeapSize                              = 8388608                                   {product} {ergonomic}
    uintx NonNMethodCodeHeapSize                   = 5826188                                {pd product} {ergonomic}
    uintx NonProfiledCodeHeapSize                  = 122916026                              {pd product} {ergonomic}
    uintx ProfiledCodeHeapSize                     = 122916026                              {pd product} {ergonomic}
    uintx ReservedCodeCacheSize                    = 251658240                              {pd product} {ergonomic}
     bool SegmentedCodeCache                       = true                                      {product} {ergonomic}
   size_t SoftMaxHeapSize                          = 908066816                              {manageable} {ergonomic}
     bool UseCompressedClassPointers               = true                           {product lp64_product} {ergonomic}
     bool UseCompressedOops                        = true                           {product lp64_product} {ergonomic}
     bool UseG1GC                                  = true                                      {product} {ergonomic}
     bool UseLargePagesIndividualAllocation        = false                                  {pd product} {ergonomic}

Logging:
Log output configuration:
 #0: stdout all=warning uptime,level,tags foldmultilines=false
 #1: stderr all=off uptime,level,tags foldmultilines=false

Environment Variables:
PATH=C:\Program Files\Common Files\Oracle\Java\javapath;C:\Program Files (x86)\Common Files\Oracle\Java\javapath;C:\WINDOWS\system32;C:\WINDOWS;C:\WINDOWS\System32\Wbem;C:\WINDOWS\System32\WindowsPowerShell\v1.0\;C:\WINDOWS\System32\OpenSSH\;C:\Users\lenovo\AppData\Local\Microsoft\WindowsApps;
USERNAME=lenovo
OS=Windows_NT
PROCESSOR_IDENTIFIER=AMD64 Family 23 Model 24 Stepping 1, AuthenticAMD
TMP=C:\Users\lenovo\AppData\Local\Temp
TEMP=C:\Users\lenovo\AppData\Local\Temp



---------------  S Y S T E M  ---------------

OS:
 Windows 11 , 64 bit Build 22000 (10.0.22000.1219)
OS uptime: 7 days 0:20 hours

CPU: total 2 (initial active 2) (2 cores per cpu, 1 threads per core) family 23 model 24 stepping 1 microcode 0x0, cx8, cmov, fxsr, mmx, 3dnowpref, sse, sse2, sse3, ssse3, sse4a, sse4.1, sse4.2, popcnt, lzcnt, tsc, tscinvbit, avx, avx2, aes, clmul, bmi1, bmi2, adx, sha, fma, vzeroupper, clflush, clflushopt, rdtscp

Memory: 4k page, system-wide physical 3460M (137M free)
TotalPageFile size 14212M (AvailPageFile size 4M)
current process WorkingSet (physical memory assigned to process): 33M, peak: 33M
current process commit charge ("private bytes"): 120M, peak: 120M

vm_info: Java HotSpot(TM) 64-Bit Server VM (19+36-2238) for windows-amd64 JRE (19+36-2238), built on 2022-08-12T20:29:01Z by "mach5one" with MS VC++ 17.1 (VS2022)

END.
