#
# There is insufficient memory for the Java Runtime Environment to continue.
# Native memory allocation (malloc) failed to allocate 32784 bytes for Chunk::new
# Possible reasons:
#   The system is out of physical RAM or swap space
#   The process is running with CompressedOops enabled, and the Java Heap may be blocking the growth of the native heap
# Possible solutions:
#   Reduce memory load on the system
#   Increase physical memory or swap space
#   Check if swap backing store is full
#   Decrease Java heap size (-Xmx/-Xms)
#   Decrease number of Java threads
#   Decrease Java thread stack sizes (-Xss)
#   Set larger code cache with -XX:ReservedCodeCacheSize=
#   JVM is running with Unscaled Compressed Oops mode in which the Java heap is
#     placed in the first 4GB address space. The Java Heap base address is the
#     maximum limit for the native heap growth. Please use -XX:HeapBaseMinAddress
#     to set the Java Heap base and to place the Java Heap above 4GB virtual address.
# This output file may be truncated or incomplete.
#
#  Out of Memory Error (arena.cpp:184), pid=63368, tid=56972
#
# JRE version: Java(TM) SE Runtime Environment (19.0+36) (build 19+36-2238)
# Java VM: Java HotSpot(TM) 64-Bit Server VM (19+36-2238, mixed mode, sharing, tiered, compressed oops, compressed class ptrs, g1 gc, windows-amd64)
# No core dump will be written. Minidumps are not enabled by default on client versions of Windows
#

---------------  S U M M A R Y ------------

Command Line: -Dfile.encoding=UTF-8 base.transaksipembelian

Host: AMD Athlon Silver 3050U with Radeon Graphics   , 2 cores, 3G,  Windows 11 , 64 bit Build 22000 (10.0.22000.1219)
Time: Tue Dec 20 17:43:33 2022 SE Asia Standard Time elapsed time: 1.958050 seconds (0d 0h 0m 1s)

---------------  T H R E A D  ---------------

Current thread (0x000002fb7a4cb400):  JavaThread "C1 CompilerThread0" daemon [_thread_in_native, id=56972, stack(0x000000fce5e00000,0x000000fce5f00000)]


Current CompileTask:
C1:   1958  557       3       javax.swing.UIDefaults$TextAndMnemonicHashMap::get (358 bytes)

Stack: [0x000000fce5e00000,0x000000fce5f00000]
Native frames: (J=compiled Java code, j=interpreted, Vv=VM code, C=native code)
V  [jvm.dll+0x6ee8fa]
V  [jvm.dll+0x857a1e]
V  [jvm.dll+0x85940e]
V  [jvm.dll+0x859ac3]
V  [jvm.dll+0x28291f]
V  [jvm.dll+0xc9b5f]
V  [jvm.dll+0xc9ee5]
V  [jvm.dll+0xd58cd]
V  [jvm.dll+0x18c363]
V  [jvm.dll+0x1989d0]
V  [jvm.dll+0x198acb]
V  [jvm.dll+0x18df51]
V  [jvm.dll+0x18adfe]
V  [jvm.dll+0x178ab0]
V  [jvm.dll+0x1616b7]
V  [jvm.dll+0x161022]
V  [jvm.dll+0x161278]
V  [jvm.dll+0x1606d6]
V  [jvm.dll+0x1623cd]
V  [jvm.dll+0x25b0fa]
V  [jvm.dll+0x259588]
V  [jvm.dll+0x807928]
V  [jvm.dll+0x8015fa]
V  [jvm.dll+0x6ed5eb]
C  [ucrtbase.dll+0x26c0c]
C  [KERNEL32.DLL+0x15550]
C  [ntdll.dll+0x485b]


---------------  P R O C E S S  ---------------

Threads class SMR info:
_java_thread_list=0x000002fb7eb10ee0, length=16, elements={
0x000002fb6e5a7b80, 0x000002fb6e5a8650, 0x000002fb6e5a8f80, 0x000002fb6e5a98b0,
0x000002fb6e5aa1e0, 0x000002fb6e5aab10, 0x000002fb6e5ae790, 0x000002fb7a4cb400,
0x000002fb7a4ccd90, 0x000002fb7a5220f0, 0x000002fb7a532e60, 0x000002fb7e90e100,
0x000002fb7ea85280, 0x000002fb7ea877d0, 0x000002fb7eb592c0, 0x000002fb6c3ce0b0
}

Java Threads: ( => current thread )
  0x000002fb6e5a7b80 JavaThread "Reference Handler" daemon [_thread_blocked, id=59484, stack(0x000000fce5700000,0x000000fce5800000)]
  0x000002fb6e5a8650 JavaThread "Finalizer" daemon [_thread_blocked, id=34996, stack(0x000000fce5800000,0x000000fce5900000)]
  0x000002fb6e5a8f80 JavaThread "Signal Dispatcher" daemon [_thread_blocked, id=63752, stack(0x000000fce5900000,0x000000fce5a00000)]
  0x000002fb6e5a98b0 JavaThread "Attach Listener" daemon [_thread_blocked, id=63532, stack(0x000000fce5a00000,0x000000fce5b00000)]
  0x000002fb6e5aa1e0 JavaThread "Service Thread" daemon [_thread_blocked, id=63460, stack(0x000000fce5b00000,0x000000fce5c00000)]
  0x000002fb6e5aab10 JavaThread "Monitor Deflation Thread" daemon [_thread_blocked, id=64320, stack(0x000000fce5c00000,0x000000fce5d00000)]
  0x000002fb6e5ae790 JavaThread "C2 CompilerThread0" daemon [_thread_blocked, id=42488, stack(0x000000fce5d00000,0x000000fce5e00000)]
=>0x000002fb7a4cb400 JavaThread "C1 CompilerThread0" daemon [_thread_in_native, id=56972, stack(0x000000fce5e00000,0x000000fce5f00000)]
  0x000002fb7a4ccd90 JavaThread "Sweeper thread" daemon [_thread_blocked, id=50472, stack(0x000000fce5f00000,0x000000fce6000000)]
  0x000002fb7a5220f0 JavaThread "Notification Thread" daemon [_thread_blocked, id=60924, stack(0x000000fce6000000,0x000000fce6100000)]
  0x000002fb7a532e60 JavaThread "Common-Cleaner" daemon [_thread_blocked, id=64352, stack(0x000000fce6200000,0x000000fce6300000)]
  0x000002fb7e90e100 JavaThread "Java2D Disposer" daemon [_thread_blocked, id=63592, stack(0x000000fce6300000,0x000000fce6400000)]
  0x000002fb7ea85280 JavaThread "AWT-Shutdown" [_thread_blocked, id=61064, stack(0x000000fce6400000,0x000000fce6500000)]
  0x000002fb7ea877d0 JavaThread "AWT-Windows" daemon [_thread_in_native, id=63448, stack(0x000000fce6500000,0x000000fce6600000)]
  0x000002fb7eb592c0 JavaThread "AWT-EventQueue-0" [_thread_in_vm, id=62128, stack(0x000000fce6600000,0x000000fce6700000)]
  0x000002fb6c3ce0b0 JavaThread "DestroyJavaVM" [_thread_blocked, id=61432, stack(0x000000fce5000000,0x000000fce5100000)]

Other Threads:
  0x000002fb6e589e10 VMThread "VM Thread" [stack: 0x000000fce5600000,0x000000fce5700000] [id=62460]
  0x000002fb7a52d9d0 WatcherThread "VM Periodic Task Thread" [stack: 0x000000fce6100000,0x000000fce6200000] [id=63624]
  0x000002fb6e517320 WorkerThread "GC Thread#0" [stack: 0x000000fce5100000,0x000000fce5200000] [id=31740]
  0x000002fb6e51eec0 ConcurrentGCThread "G1 Main Marker" [stack: 0x000000fce5200000,0x000000fce5300000] [id=64448]
  0x000002fb6e520940 WorkerThread "G1 Conc#0" [stack: 0x000000fce5300000,0x000000fce5400000] [id=63508]
  0x000002fb6e569470 ConcurrentGCThread "G1 Refine#0" [stack: 0x000000fce5400000,0x000000fce5500000] [id=64388]
  0x000002fb6e569ff0 ConcurrentGCThread "G1 Service" [stack: 0x000000fce5500000,0x000000fce5600000] [id=64248]

Threads with active compile tasks:
C1 CompilerThread0     2011  557       3       javax.swing.UIDefaults$TextAndMnemonicHashMap::get (358 bytes)

VM state: not at safepoint (normal execution)

VM Mutex/Monitor currently owned by a thread: None

Heap address: 0x00000000c9e00000, size: 866 MB, Compressed Oops mode: 32-bit

CDS archive(s) mapped at: [0x0000000800000000-0x0000000800c40000-0x0000000800c40000), size 12845056, SharedBaseAddress: 0x0000000800000000, ArchiveRelocationMode: 0.
Compressed class space mapped at: 0x0000000801000000-0x0000000841000000, reserved size: 1073741824
Narrow klass base: 0x0000000800000000, Narrow klass shift: 0, Narrow klass range: 0x100000000

GC Precious Log:
 CardTable entry size: 512
 Card Set container configuration: InlinePtr #cards 5 size 8 Array Of Cards #cards 12 size 40 Howl #buckets 4 coarsen threshold 1843 Howl Bitmap #cards 512 size 80 coarsen threshold 460 Card regions per heap region 1 cards per card region 2048
 CPUs: 2 total, 2 available
 Memory: 3460M
 Large Page Support: Disabled
 NUMA Support: Disabled
 Compressed Oops: Enabled (32-bit)
 Heap Region Size: 1M
 Heap Min Capacity: 8M
 Heap Initial Capacity: 56M
 Heap Max Capacity: 866M
 Pre-touch: Disabled
 Parallel Workers: 2
 Concurrent Workers: 1
 Concurrent Refinement Workers: 2
 Periodic GC: Disabled

Heap:
 garbage-first heap   total 57344K, used 3072K [0x00000000c9e00000, 0x0000000100000000)
  region size 1024K, 5 young (5120K), 0 survivors (0K)
 Metaspace       used 6085K, committed 6336K, reserved 1114112K
  class space    used 685K, committed 832K, reserved 1048576K

Heap Regions: E=young(eden), S=young(survivor), O=old, HS=humongous(starts), HC=humongous(continues), CS=collection set, F=free, OA=open archive, CA=closed archive, TAMS=top-at-mark-start (previous, next)
|   0|0x00000000c9e00000, 0x00000000c9e00000, 0x00000000c9f00000|  0%| F|  |TAMS 0x00000000c9e00000, 0x00000000c9e00000| Untracked 
|   1|0x00000000c9f00000, 0x00000000c9f00000, 0x00000000ca000000|  0%| F|  |TAMS 0x00000000c9f00000, 0x00000000c9f00000| Untracked 
|   2|0x00000000ca000000, 0x00000000ca000000, 0x00000000ca100000|  0%| F|  |TAMS 0x00000000ca000000, 0x00000000ca000000| Untracked 
|   3|0x00000000ca100000, 0x00000000ca100000, 0x00000000ca200000|  0%| F|  |TAMS 0x00000000ca100000, 0x00000000ca100000| Untracked 
|   4|0x00000000ca200000, 0x00000000ca200000, 0x00000000ca300000|  0%| F|  |TAMS 0x00000000ca200000, 0x00000000ca200000| Untracked 
|   5|0x00000000ca300000, 0x00000000ca300000, 0x00000000ca400000|  0%| F|  |TAMS 0x00000000ca300000, 0x00000000ca300000| Untracked 
|   6|0x00000000ca400000, 0x00000000ca400000, 0x00000000ca500000|  0%| F|  |TAMS 0x00000000ca400000, 0x00000000ca400000| Untracked 
|   7|0x00000000ca500000, 0x00000000ca500000, 0x00000000ca600000|  0%| F|  |TAMS 0x00000000ca500000, 0x00000000ca500000| Untracked 
|   8|0x00000000ca600000, 0x00000000ca600000, 0x00000000ca700000|  0%| F|  |TAMS 0x00000000ca600000, 0x00000000ca600000| Untracked 
|   9|0x00000000ca700000, 0x00000000ca700000, 0x00000000ca800000|  0%| F|  |TAMS 0x00000000ca700000, 0x00000000ca700000| Untracked 
|  10|0x00000000ca800000, 0x00000000ca800000, 0x00000000ca900000|  0%| F|  |TAMS 0x00000000ca800000, 0x00000000ca800000| Untracked 
|  11|0x00000000ca900000, 0x00000000ca900000, 0x00000000caa00000|  0%| F|  |TAMS 0x00000000ca900000, 0x00000000ca900000| Untracked 
|  12|0x00000000caa00000, 0x00000000caa00000, 0x00000000cab00000|  0%| F|  |TAMS 0x00000000caa00000, 0x00000000caa00000| Untracked 
|  13|0x00000000cab00000, 0x00000000cab00000, 0x00000000cac00000|  0%| F|  |TAMS 0x00000000cab00000, 0x00000000cab00000| Untracked 
|  14|0x00000000cac00000, 0x00000000cac00000, 0x00000000cad00000|  0%| F|  |TAMS 0x00000000cac00000, 0x00000000cac00000| Untracked 
|  15|0x00000000cad00000, 0x00000000cad00000, 0x00000000cae00000|  0%| F|  |TAMS 0x00000000cad00000, 0x00000000cad00000| Untracked 
|  16|0x00000000cae00000, 0x00000000cae00000, 0x00000000caf00000|  0%| F|  |TAMS 0x00000000cae00000, 0x00000000cae00000| Untracked 
|  17|0x00000000caf00000, 0x00000000caf00000, 0x00000000cb000000|  0%| F|  |TAMS 0x00000000caf00000, 0x00000000caf00000| Untracked 
|  18|0x00000000cb000000, 0x00000000cb000000, 0x00000000cb100000|  0%| F|  |TAMS 0x00000000cb000000, 0x00000000cb000000| Untracked 
|  19|0x00000000cb100000, 0x00000000cb100000, 0x00000000cb200000|  0%| F|  |TAMS 0x00000000cb100000, 0x00000000cb100000| Untracked 
|  20|0x00000000cb200000, 0x00000000cb200000, 0x00000000cb300000|  0%| F|  |TAMS 0x00000000cb200000, 0x00000000cb200000| Untracked 
|  21|0x00000000cb300000, 0x00000000cb300000, 0x00000000cb400000|  0%| F|  |TAMS 0x00000000cb300000, 0x00000000cb300000| Untracked 
|  22|0x00000000cb400000, 0x00000000cb400000, 0x00000000cb500000|  0%| F|  |TAMS 0x00000000cb400000, 0x00000000cb400000| Untracked 
|  23|0x00000000cb500000, 0x00000000cb500000, 0x00000000cb600000|  0%| F|  |TAMS 0x00000000cb500000, 0x00000000cb500000| Untracked 
|  24|0x00000000cb600000, 0x00000000cb600000, 0x00000000cb700000|  0%| F|  |TAMS 0x00000000cb600000, 0x00000000cb600000| Untracked 
|  25|0x00000000cb700000, 0x00000000cb700000, 0x00000000cb800000|  0%| F|  |TAMS 0x00000000cb700000, 0x00000000cb700000| Untracked 
|  26|0x00000000cb800000, 0x00000000cb800000, 0x00000000cb900000|  0%| F|  |TAMS 0x00000000cb800000, 0x00000000cb800000| Untracked 
|  27|0x00000000cb900000, 0x00000000cb900000, 0x00000000cba00000|  0%| F|  |TAMS 0x00000000cb900000, 0x00000000cb900000| Untracked 
|  28|0x00000000cba00000, 0x00000000cba00000, 0x00000000cbb00000|  0%| F|  |TAMS 0x00000000cba00000, 0x00000000cba00000| Untracked 
|  29|0x00000000cbb00000, 0x00000000cbb00000, 0x00000000cbc00000|  0%| F|  |TAMS 0x00000000cbb00000, 0x00000000cbb00000| Untracked 
|  30|0x00000000cbc00000, 0x00000000cbc00000, 0x00000000cbd00000|  0%| F|  |TAMS 0x00000000cbc00000, 0x00000000cbc00000| Untracked 
|  31|0x00000000cbd00000, 0x00000000cbd00000, 0x00000000cbe00000|  0%| F|  |TAMS 0x00000000cbd00000, 0x00000000cbd00000| Untracked 
|  32|0x00000000cbe00000, 0x00000000cbe00000, 0x00000000cbf00000|  0%| F|  |TAMS 0x00000000cbe00000, 0x00000000cbe00000| Untracked 
|  33|0x00000000cbf00000, 0x00000000cbf00000, 0x00000000cc000000|  0%| F|  |TAMS 0x00000000cbf00000, 0x00000000cbf00000| Untracked 
|  34|0x00000000cc000000, 0x00000000cc000000, 0x00000000cc100000|  0%| F|  |TAMS 0x00000000cc000000, 0x00000000cc000000| Untracked 
|  35|0x00000000cc100000, 0x00000000cc100000, 0x00000000cc200000|  0%| F|  |TAMS 0x00000000cc100000, 0x00000000cc100000| Untracked 
|  36|0x00000000cc200000, 0x00000000cc200000, 0x00000000cc300000|  0%| F|  |TAMS 0x00000000cc200000, 0x00000000cc200000| Untracked 
|  37|0x00000000cc300000, 0x00000000cc300000, 0x00000000cc400000|  0%| F|  |TAMS 0x00000000cc300000, 0x00000000cc300000| Untracked 
|  38|0x00000000cc400000, 0x00000000cc400000, 0x00000000cc500000|  0%| F|  |TAMS 0x00000000cc400000, 0x00000000cc400000| Untracked 
|  39|0x00000000cc500000, 0x00000000cc500000, 0x00000000cc600000|  0%| F|  |TAMS 0x00000000cc500000, 0x00000000cc500000| Untracked 
|  40|0x00000000cc600000, 0x00000000cc600000, 0x00000000cc700000|  0%| F|  |TAMS 0x00000000cc600000, 0x00000000cc600000| Untracked 
|  41|0x00000000cc700000, 0x00000000cc700000, 0x00000000cc800000|  0%| F|  |TAMS 0x00000000cc700000, 0x00000000cc700000| Untracked 
|  42|0x00000000cc800000, 0x00000000cc800000, 0x00000000cc900000|  0%| F|  |TAMS 0x00000000cc800000, 0x00000000cc800000| Untracked 
|  43|0x00000000cc900000, 0x00000000cc900000, 0x00000000cca00000|  0%| F|  |TAMS 0x00000000cc900000, 0x00000000cc900000| Untracked 
|  44|0x00000000cca00000, 0x00000000cca00000, 0x00000000ccb00000|  0%| F|  |TAMS 0x00000000cca00000, 0x00000000cca00000| Untracked 
|  45|0x00000000ccb00000, 0x00000000ccb00000, 0x00000000ccc00000|  0%| F|  |TAMS 0x00000000ccb00000, 0x00000000ccb00000| Untracked 
|  46|0x00000000ccc00000, 0x00000000ccc00000, 0x00000000ccd00000|  0%| F|  |TAMS 0x00000000ccc00000, 0x00000000ccc00000| Untracked 
|  47|0x00000000ccd00000, 0x00000000ccd00000, 0x00000000cce00000|  0%| F|  |TAMS 0x00000000ccd00000, 0x00000000ccd00000| Untracked 
|  48|0x00000000cce00000, 0x00000000cce00000, 0x00000000ccf00000|  0%| F|  |TAMS 0x00000000cce00000, 0x00000000cce00000| Untracked 
|  49|0x00000000ccf00000, 0x00000000ccf00000, 0x00000000cd000000|  0%| F|  |TAMS 0x00000000ccf00000, 0x00000000ccf00000| Untracked 
|  50|0x00000000cd000000, 0x00000000cd000000, 0x00000000cd100000|  0%| F|  |TAMS 0x00000000cd000000, 0x00000000cd000000| Untracked 
|  51|0x00000000cd100000, 0x00000000cd1f6670, 0x00000000cd200000| 96%| E|  |TAMS 0x00000000cd100000, 0x00000000cd100000| Complete 
|  52|0x00000000cd200000, 0x00000000cd300000, 0x00000000cd300000|100%| E|CS|TAMS 0x00000000cd200000, 0x00000000cd200000| Complete 
|  53|0x00000000cd300000, 0x00000000cd400000, 0x00000000cd400000|100%| E|CS|TAMS 0x00000000cd300000, 0x00000000cd300000| Complete 
|  54|0x00000000cd400000, 0x00000000cd500000, 0x00000000cd500000|100%| E|CS|TAMS 0x00000000cd400000, 0x00000000cd400000| Complete 
|  55|0x00000000cd500000, 0x00000000cd600000, 0x00000000cd600000|100%| E|  |TAMS 0x00000000cd500000, 0x00000000cd500000| Complete 

Card table byte_map: [0x000002fb6e270000,0x000002fb6e430000] _byte_map_base: 0x000002fb6dc21000

Marking Bits (Prev, Next): (CMBitMap*) 0x000002fb6e517950, (CMBitMap*) 0x000002fb6e517990
 Prev Bits: [0x000002fb76600000, 0x000002fb77388000)
 Next Bits: [0x000002fb77390000, 0x000002fb78118000)

Polling page: 0x000002fb6c450000

Metaspace:

Usage:
  Non-class:      5.27 MB used.
      Class:    685.21 KB used.
       Both:      5.94 MB used.

Virtual space:
  Non-class space:       64.00 MB reserved,       5.38 MB (  8%) committed,  1 nodes.
      Class space:        1.00 GB reserved,     832.00 KB ( <1%) committed,  1 nodes.
             Both:        1.06 GB reserved,       6.19 MB ( <1%) committed. 

Chunk freelists:
   Non-Class:  2.35 MB
       Class:  3.25 MB
        Both:  5.60 MB

MaxMetaspaceSize: unlimited
CompressedClassSpaceSize: 1.00 GB
Initial GC threshold: 21.00 MB
Current GC threshold: 21.00 MB
CDS: on
MetaspaceReclaimPolicy: balanced
 - commit_granule_bytes: 65536.
 - commit_granule_words: 8192.
 - virtual_space_node_default_size: 8388608.
 - enlarge_chunks_in_place: 1.
 - new_chunks_are_fully_committed: 0.
 - uncommit_free_chunks: 1.
 - use_allocation_guard: 0.


Internal statistics:

num_allocs_failed_limit: 0.
num_arena_births: 116.
num_arena_deaths: 0.
num_vsnodes_births: 2.
num_vsnodes_deaths: 0.
num_space_committed: 99.
num_space_uncommitted: 0.
num_chunks_returned_to_freelist: 0.
num_chunks_taken_from_freelist: 125.
num_chunk_merges: 0.
num_chunk_splits: 89.
num_chunks_enlarged: 59.
num_inconsistent_stats: 0.

CodeHeap 'non-profiled nmethods': size=120064Kb used=139Kb max_used=139Kb free=119924Kb
 bounds [0x000002fb07ac0000, 0x000002fb07d30000, 0x000002fb0f000000]
CodeHeap 'profiled nmethods': size=120000Kb used=835Kb max_used=835Kb free=119164Kb
 bounds [0x000002fb00000000, 0x000002fb00270000, 0x000002fb07530000]
CodeHeap 'non-nmethods': size=5696Kb used=1303Kb max_used=1312Kb free=4392Kb
 bounds [0x000002fb07530000, 0x000002fb077a0000, 0x000002fb07ac0000]
 total_blobs=1091 nmethods=556 adapters=446
 compilation: enabled
              stopped_count=0, restarted_count=0
 full_count=0

Compilation events (20 events):
Event: 1.523 Thread 0x000002fb7a4cb400 nmethod 547 0x000002fb000ccf10 code [0x000002fb000cd0a0, 0x000002fb000cd218]
Event: 1.524 Thread 0x000002fb7a4cb400  548       1       java.awt.Color::getRGB (5 bytes)
Event: 1.524 Thread 0x000002fb7a4cb400 nmethod 548 0x000002fb07ae2b90 code [0x000002fb07ae2d20, 0x000002fb07ae2dd8]
Event: 1.524 Thread 0x000002fb7a4cb400  549   !   3       sun.awt.AppContext::get (123 bytes)
Event: 1.524 Thread 0x000002fb7a4cb400 nmethod 549 0x000002fb000cd310 code [0x000002fb000cd540, 0x000002fb000cdf88]
Event: 1.524 Thread 0x000002fb7a4cb400  550       3       java.lang.String::startsWith (7 bytes)
Event: 1.525 Thread 0x000002fb7a4cb400 nmethod 550 0x000002fb000ce310 code [0x000002fb000ce4c0, 0x000002fb000ce608]
Event: 1.532 Thread 0x000002fb7a4cb400  551       3       java.lang.Enum::<init> (15 bytes)
Event: 1.533 Thread 0x000002fb7a4cb400 nmethod 551 0x000002fb000ce690 code [0x000002fb000ce840, 0x000002fb000ce9f8]
Event: 1.536 Thread 0x000002fb7a4cb400  552       3       java.lang.Integer::stringSize (47 bytes)
Event: 1.536 Thread 0x000002fb7a4cb400 nmethod 552 0x000002fb000cea90 code [0x000002fb000cec40, 0x000002fb000cee98]
Event: 1.536 Thread 0x000002fb7a4cb400  553       3       java.lang.Integer::getChars (121 bytes)
Event: 1.536 Thread 0x000002fb7a4cb400 nmethod 553 0x000002fb000cef90 code [0x000002fb000cf160, 0x000002fb000cf5b8]
Event: 1.943 Thread 0x000002fb7a4cb400  554       3       java.lang.ref.Reference::<init> (7 bytes)
Event: 1.944 Thread 0x000002fb7a4cb400 nmethod 554 0x000002fb000cf810 code [0x000002fb000cf9c0, 0x000002fb000cfc78]
Event: 1.944 Thread 0x000002fb7a4cb400  555       3       java.lang.CharacterData::of (136 bytes)
Event: 1.944 Thread 0x000002fb7a4cb400 nmethod 555 0x000002fb000cfd90 code [0x000002fb000cffe0, 0x000002fb000d0978]
Event: 1.944 Thread 0x000002fb7a4cb400  556       3       java.lang.Character::charCount (12 bytes)
Event: 1.944 Thread 0x000002fb7a4cb400 nmethod 556 0x000002fb000d0b90 code [0x000002fb000d0d40, 0x000002fb000d0eb8]
Event: 1.944 Thread 0x000002fb7a4cb400  557       3       javax.swing.UIDefaults$TextAndMnemonicHashMap::get (358 bytes)

GC Heap History (0 events):
No events

Dll operation events (9 events):
Event: 0.089 Loaded shared library C:\Program Files\Java\jdk-19\bin\java.dll
Event: 0.112 Loaded shared library C:\Program Files\Java\jdk-19\bin\jsvml.dll
Event: 0.239 Loaded shared library C:\Program Files\Java\jdk-19\bin\net.dll
Event: 0.243 Loaded shared library C:\Program Files\Java\jdk-19\bin\nio.dll
Event: 0.250 Loaded shared library C:\Program Files\Java\jdk-19\bin\zip.dll
Event: 0.277 Loaded shared library C:\Program Files\Java\jdk-19\bin\jimage.dll
Event: 0.398 Loaded shared library C:\Program Files\Java\jdk-19\bin\awt.dll
Event: 1.298 Loaded shared library C:\Program Files\Java\jdk-19\bin\freetype.dll
Event: 1.307 Loaded shared library C:\Program Files\Java\jdk-19\bin\fontmanager.dll

Deoptimization events (2 events):
Event: 0.878 Thread 0x000002fb6c3ce0b0 DEOPT PACKING pc=0x000002fb00000c02 sp=0x000000fce50fdb50
Event: 0.878 Thread 0x000002fb6c3ce0b0 DEOPT UNPACKING pc=0x000002fb07597543 sp=0x000000fce50fcfc8 mode 0

Classes loaded (20 events):
Event: 1.944 Loading class com/sun/swing/internal/plaf/synth/resources/synth_en done
Event: 1.944 Loading class com/sun/swing/internal/plaf/synth/resources/synth_en
Event: 1.944 Loading class com/sun/swing/internal/plaf/synth/resources/synth_en done
Event: 1.944 Loading class com/sun/swing/internal/plaf/synth/resources/synth_en_US
Event: 1.944 Loading class com/sun/swing/internal/plaf/synth/resources/synth_en_US done
Event: 1.944 Loading class com/sun/swing/internal/plaf/synth/resources/synth_en_US
Event: 1.944 Loading class com/sun/swing/internal/plaf/synth/resources/synth_en_US done
Event: 1.945 Loading class java/text/ParseException
Event: 1.945 Loading class java/text/ParseException done
Event: 1.947 Loading class javax/swing/plaf/synth/SynthPanelUI
Event: 1.947 Loading class javax/swing/plaf/synth/SynthUI
Event: 1.947 Loading class javax/swing/plaf/synth/SynthConstants
Event: 1.947 Loading class javax/swing/plaf/synth/SynthConstants done
Event: 1.948 Loading class javax/swing/plaf/synth/SynthUI done
Event: 1.948 Loading class javax/swing/plaf/basic/BasicPanelUI
Event: 1.948 Loading class javax/swing/plaf/PanelUI
Event: 1.948 Loading class javax/swing/plaf/PanelUI done
Event: 1.948 Loading class javax/swing/plaf/basic/BasicPanelUI done
Event: 1.948 Loading class javax/swing/plaf/synth/SynthPanelUI done
Event: 1.948 Loading class javax/swing/plaf/synth/SynthContext

Classes unloaded (0 events):
No events

Classes redefined (0 events):
No events

Internal exceptions (20 events):
Event: 1.473 Thread 0x000002fb6c3ce0b0 Exception <a 'java/lang/ClassNotFoundException'{0x00000000cd1294c8}: PasswordField> (0x00000000cd1294c8) 
thrown [s\open\src\hotspot\share\classfile\systemDictionary.cpp, line 255]
Event: 1.474 Thread 0x000002fb6c3ce0b0 Exception <a 'java/lang/ClassNotFoundException'{0x00000000cd129a20}: TextArea> (0x00000000cd129a20) 
thrown [s\open\src\hotspot\share\classfile\systemDictionary.cpp, line 255]
Event: 1.475 Thread 0x000002fb6c3ce0b0 Exception <a 'java/lang/ClassNotFoundException'{0x00000000cd12a360}: TextPane> (0x00000000cd12a360) 
thrown [s\open\src\hotspot\share\classfile\systemDictionary.cpp, line 255]
Event: 1.475 Thread 0x000002fb6c3ce0b0 Exception <a 'java/lang/ClassNotFoundException'{0x00000000cd12a7c8}: EditorPane> (0x00000000cd12a7c8) 
thrown [s\open\src\hotspot\share\classfile\systemDictionary.cpp, line 255]
Event: 1.476 Thread 0x000002fb6c3ce0b0 Exception <a 'java/lang/ClassNotFoundException'{0x00000000cd12b128}: ToolBar> (0x00000000cd12b128) 
thrown [s\open\src\hotspot\share\classfile\systemDictionary.cpp, line 255]
Event: 1.476 Thread 0x000002fb6c3ce0b0 Exception <a 'java/lang/ClassNotFoundException'{0x00000000cd12b620}: ToolBar> (0x00000000cd12b620) 
thrown [s\open\src\hotspot\share\classfile\systemDictionary.cpp, line 255]
Event: 1.476 Thread 0x000002fb6c3ce0b0 Exception <a 'java/lang/ClassNotFoundException'{0x00000000cd12b980}: Button> (0x00000000cd12b980) 
thrown [s\open\src\hotspot\share\classfile\systemDictionary.cpp, line 255]
Event: 1.477 Thread 0x000002fb6c3ce0b0 Exception <a 'java/lang/ClassNotFoundException'{0x00000000cd12be48}: ToolBar> (0x00000000cd12be48) 
thrown [s\open\src\hotspot\share\classfile\systemDictionary.cpp, line 255]
Event: 1.477 Thread 0x000002fb6c3ce0b0 Exception <a 'java/lang/ClassNotFoundException'{0x00000000cd12c1b8}: ToggleButton> (0x00000000cd12c1b8) 
thrown [s\open\src\hotspot\share\classfile\systemDictionary.cpp, line 255]
Event: 1.477 Thread 0x000002fb6c3ce0b0 Exception <a 'java/lang/ClassNotFoundException'{0x00000000cd12c5f8}: javax/swing/JToolBarSeparator> (0x00000000cd12c5f8) 
thrown [s\open\src\hotspot\share\classfile\systemDictionary.cpp, line 255]
Event: 1.477 Thread 0x000002fb6c3ce0b0 Exception <a 'java/lang/ClassNotFoundException'{0x00000000cd12c908}: ToolBarSeparator> (0x00000000cd12c908) 
thrown [s\open\src\hotspot\share\classfile\systemDictionary.cpp, line 255]
Event: 1.483 Thread 0x000002fb6c3ce0b0 Exception <a 'java/lang/ClassNotFoundException'{0x00000000cd12ce20}: ToolTip> (0x00000000cd12ce20) 
thrown [s\open\src\hotspot\share\classfile\systemDictionary.cpp, line 255]
Event: 1.485 Thread 0x000002fb6c3ce0b0 Exception <a 'java/lang/ClassNotFoundException'{0x00000000cd12d770}: Tree> (0x00000000cd12d770) 
thrown [s\open\src\hotspot\share\classfile\systemDictionary.cpp, line 255]
Event: 1.485 Thread 0x000002fb6c3ce0b0 Exception <a 'java/lang/ClassNotFoundException'{0x00000000cd12dc68}: Tree> (0x00000000cd12dc68) 
thrown [s\open\src\hotspot\share\classfile\systemDictionary.cpp, line 255]
Event: 1.485 Thread 0x000002fb6c3ce0b0 Exception <a 'java/lang/ClassNotFoundException'{0x00000000cd12dfd8}: javax/swing/JTreeCell> (0x00000000cd12dfd8) 
thrown [s\open\src\hotspot\share\classfile\systemDictionary.cpp, line 255]
Event: 1.485 Thread 0x000002fb6c3ce0b0 Exception <a 'java/lang/ClassNotFoundException'{0x00000000cd12e2e0}: TreeCell> (0x00000000cd12e2e0) 
thrown [s\open\src\hotspot\share\classfile\systemDictionary.cpp, line 255]
Event: 1.486 Thread 0x000002fb6c3ce0b0 Exception <a 'java/lang/ClassNotFoundException'{0x00000000cd12ea98}: RootPane> (0x00000000cd12ea98) 
thrown [s\open\src\hotspot\share\classfile\systemDictionary.cpp, line 255]
Event: 1.490 Thread 0x000002fb6c3ce0b0 Exception <a 'java/lang/ClassNotFoundException'{0x00000000cd1318a8}: com/sun/swing/internal/plaf/metal/resources/spi/metalProvider> (0x00000000cd1318a8) 
thrown [s\open\src\hotspot\share\classfile\systemDictionary.cpp, line 255]
Event: 1.494 Thread 0x000002fb6c3ce0b0 Exception <a 'java/lang/ClassNotFoundException'{0x00000000cd1355c8}: com/sun/swing/internal/plaf/basic/resources/spi/basicProvider> (0x00000000cd1355c8) 
thrown [s\open\src\hotspot\share\classfile\systemDictionary.cpp, line 255]
Event: 1.943 Thread 0x000002fb7eb592c0 Exception <a 'java/lang/ClassNotFoundException'{0x00000000cd1b25f0}: com/sun/swing/internal/plaf/synth/resources/spi/synthProvider> (0x00000000cd1b25f0) 
thrown [s\open\src\hotspot\share\classfile\systemDictionary.cpp, line 255]

VM Operations (6 events):
Event: 0.559 Executing VM operation: HandshakeAllThreads
Event: 0.559 Executing VM operation: HandshakeAllThreads done
Event: 1.490 Executing VM operation: HandshakeAllThreads
Event: 1.490 Executing VM operation: HandshakeAllThreads done
Event: 1.490 Executing VM operation: Cleanup
Event: 1.490 Executing VM operation: Cleanup done

Events (18 events):
Event: 0.112 Thread 0x000002fb6c3ce0b0 Thread added: 0x000002fb6c3ce0b0
Event: 0.146 Thread 0x000002fb6e5a7b80 Thread added: 0x000002fb6e5a7b80
Event: 0.146 Thread 0x000002fb6e5a8650 Thread added: 0x000002fb6e5a8650
Event: 0.147 Thread 0x000002fb6e5a8f80 Thread added: 0x000002fb6e5a8f80
Event: 0.147 Thread 0x000002fb6e5a98b0 Thread added: 0x000002fb6e5a98b0
Event: 0.147 Thread 0x000002fb6e5aa1e0 Thread added: 0x000002fb6e5aa1e0
Event: 0.147 Thread 0x000002fb6e5aab10 Thread added: 0x000002fb6e5aab10
Event: 0.147 Thread 0x000002fb6e5ae790 Thread added: 0x000002fb6e5ae790
Event: 0.157 Thread 0x000002fb7a4cb400 Thread added: 0x000002fb7a4cb400
Event: 0.157 Thread 0x000002fb7a4ccd90 Thread added: 0x000002fb7a4ccd90
Event: 0.222 Thread 0x000002fb7a5220f0 Thread added: 0x000002fb7a5220f0
Event: 0.228 Thread 0x000002fb7a532e60 Thread added: 0x000002fb7a532e60
Event: 0.762 Thread 0x000002fb7e90e100 Thread added: 0x000002fb7e90e100
Event: 0.767 Thread 0x000002fb7ea85280 Thread added: 0x000002fb7ea85280
Event: 0.769 Thread 0x000002fb7ea877d0 Thread added: 0x000002fb7ea877d0
Event: 1.527 Thread 0x000002fb7eb592c0 Thread added: 0x000002fb7eb592c0
Event: 1.528 Thread 0x000002fb6c3ce0b0 Thread exited: 0x000002fb6c3ce0b0
Event: 1.528 Thread 0x000002fb6c3ce0b0 Thread added: 0x000002fb6c3ce0b0


Dynamic libraries:
0x00007ff710b50000 - 0x00007ff710b60000 	C:\Program Files\Java\jdk-19\bin\java.exe
0x00007ff871fa0000 - 0x00007ff8721a9000 	C:\WINDOWS\SYSTEM32\ntdll.dll
0x00007ff8707b0000 - 0x00007ff87086e000 	C:\WINDOWS\System32\KERNEL32.DLL
0x00007ff86fa00000 - 0x00007ff86fd7b000 	C:\WINDOWS\System32\KERNELBASE.dll
0x00007ff86f470000 - 0x00007ff86f581000 	C:\WINDOWS\System32\ucrtbase.dll
0x00007ff867c00000 - 0x00007ff867c18000 	C:\Program Files\Java\jdk-19\bin\jli.dll
0x00007ff8714c0000 - 0x00007ff87156e000 	C:\WINDOWS\System32\ADVAPI32.dll
0x00007ff870460000 - 0x00007ff870503000 	C:\WINDOWS\System32\msvcrt.dll
0x00007ff8715e0000 - 0x00007ff87167e000 	C:\WINDOWS\System32\sechost.dll
0x00007ff870340000 - 0x00007ff870460000 	C:\WINDOWS\System32\RPCRT4.dll
0x00007ff870e80000 - 0x00007ff87102d000 	C:\WINDOWS\System32\USER32.dll
0x00007ff86f590000 - 0x00007ff86f5b6000 	C:\WINDOWS\System32\win32u.dll
0x00007ff86ff10000 - 0x00007ff86ff39000 	C:\WINDOWS\System32\GDI32.dll
0x00007ff86f870000 - 0x00007ff86f988000 	C:\WINDOWS\System32\gdi32full.dll
0x00007ff86fd80000 - 0x00007ff86fe1d000 	C:\WINDOWS\System32\msvcp_win.dll
0x00007ff848ca0000 - 0x00007ff848cbb000 	C:\Program Files\Java\jdk-19\bin\VCRUNTIME140.dll
0x00007ff8580a0000 - 0x00007ff858345000 	C:\WINDOWS\WinSxS\amd64_microsoft.windows.common-controls_6595b64144ccf1df_6.0.22000.120_none_9d947278b86cc467\COMCTL32.dll
0x00007ff867810000 - 0x00007ff86781a000 	C:\WINDOWS\SYSTEM32\VERSION.dll
0x00007ff870dd0000 - 0x00007ff870e02000 	C:\WINDOWS\System32\IMM32.DLL
0x00007ff85c530000 - 0x00007ff85c53c000 	C:\Program Files\Java\jdk-19\bin\vcruntime140_1.dll
0x00007ff83f010000 - 0x00007ff83f09e000 	C:\Program Files\Java\jdk-19\bin\msvcp140.dll
0x00007ff831e10000 - 0x00007ff832ad0000 	C:\Program Files\Java\jdk-19\bin\server\jvm.dll
0x00007ff85f4c0000 - 0x00007ff85f4c9000 	C:\WINDOWS\SYSTEM32\WSOCK32.dll
0x00007ff871570000 - 0x00007ff8715df000 	C:\WINDOWS\System32\WS2_32.dll
0x00007ff8677d0000 - 0x00007ff867803000 	C:\WINDOWS\SYSTEM32\WINMM.dll
0x00007ff86e4f0000 - 0x00007ff86e508000 	C:\WINDOWS\SYSTEM32\kernel.appcore.dll
0x00007ff859280000 - 0x00007ff85928a000 	C:\Program Files\Java\jdk-19\bin\jimage.dll
0x00007ff86d1a0000 - 0x00007ff86d3c1000 	C:\WINDOWS\SYSTEM32\DBGHELP.DLL
0x00007ff855ff0000 - 0x00007ff856021000 	C:\WINDOWS\SYSTEM32\dbgcore.DLL
0x00007ff86f680000 - 0x00007ff86f6ff000 	C:\WINDOWS\System32\bcryptPrimitives.dll
0x00007ff842cb0000 - 0x00007ff842cd6000 	C:\Program Files\Java\jdk-19\bin\java.dll
0x00007ff840250000 - 0x00007ff840327000 	C:\Program Files\Java\jdk-19\bin\jsvml.dll
0x00007ff8717a0000 - 0x00007ff871f58000 	C:\WINDOWS\System32\SHELL32.dll
0x00007ff86d560000 - 0x00007ff86ddc5000 	C:\WINDOWS\SYSTEM32\windows.storage.dll
0x00007ff871030000 - 0x00007ff8713a8000 	C:\WINDOWS\System32\combase.dll
0x00007ff86d3f0000 - 0x00007ff86d556000 	C:\WINDOWS\SYSTEM32\wintypes.dll
0x00007ff86fe20000 - 0x00007ff86ff0a000 	C:\WINDOWS\System32\SHCORE.dll
0x00007ff8713f0000 - 0x00007ff87144d000 	C:\WINDOWS\System32\shlwapi.dll
0x00007ff86f3a0000 - 0x00007ff86f3c1000 	C:\WINDOWS\SYSTEM32\profapi.dll
0x00007ff847890000 - 0x00007ff8478a3000 	C:\Program Files\Java\jdk-19\bin\net.dll
0x00007ff8651f0000 - 0x00007ff865304000 	C:\WINDOWS\SYSTEM32\WINHTTP.dll
0x00007ff86e990000 - 0x00007ff86e9f7000 	C:\WINDOWS\system32\mswsock.dll
0x00007ff845f90000 - 0x00007ff845fa6000 	C:\Program Files\Java\jdk-19\bin\nio.dll
0x00007ff843bd0000 - 0x00007ff843be8000 	C:\Program Files\Java\jdk-19\bin\zip.dll
0x00007ff83a350000 - 0x00007ff83a4e1000 	C:\Program Files\Java\jdk-19\bin\awt.dll
0x00007ff8706d0000 - 0x00007ff8707a6000 	C:\WINDOWS\System32\OLEAUT32.dll
0x00007ff86c650000 - 0x00007ff86c6e2000 	C:\WINDOWS\SYSTEM32\apphelp.dll
0x00007ff86c810000 - 0x00007ff86c8bc000 	C:\WINDOWS\system32\uxtheme.dll
0x00007ff871680000 - 0x00007ff87179d000 	C:\WINDOWS\System32\MSCTF.dll
0x00007ff8701a0000 - 0x00007ff87033a000 	C:\WINDOWS\System32\ole32.dll
0x00007ff86cb70000 - 0x00007ff86cb9f000 	C:\WINDOWS\system32\DWMAPI.DLL
0x00007ff83eec0000 - 0x00007ff83ef46000 	C:\Program Files\Java\jdk-19\bin\freetype.dll
0x00007ff83d2f0000 - 0x00007ff83d399000 	C:\Program Files\Java\jdk-19\bin\fontmanager.dll
0x00007ff83d0e0000 - 0x00007ff83d1e1000 	C:\WINDOWS\system32\opengl32.dll
0x00007ff842c80000 - 0x00007ff842cad000 	C:\WINDOWS\SYSTEM32\GLU32.dll
0x00007ff86c910000 - 0x00007ff86c948000 	C:\WINDOWS\SYSTEM32\dxcore.dll
0x00007ff8245a0000 - 0x00007ff824746000 	C:\WINDOWS\system32\d3d9.dll
0x00007ff867820000 - 0x00007ff8679fb000 	C:\WINDOWS\System32\DriverStore\FileRepository\u0369825.inf_amd64_d21434249e94d178\B369681\aticfx64.dll
0x00007ff865390000 - 0x00007ff8653c3000 	C:\WINDOWS\System32\DriverStore\FileRepository\u0369825.inf_amd64_d21434249e94d178\B369681\atiu9p64.dll
0x00007ff834aa0000 - 0x00007ff8357c1000 	C:\WINDOWS\System32\DriverStore\FileRepository\u0369825.inf_amd64_d21434249e94d178\B369681\atiumd64.dll
0x0000000068710000 - 0x00000000695d3000 	C:\WINDOWS\System32\DriverStore\FileRepository\u0369825.inf_amd64_d21434249e94d178\B369681\atiumd6a.dll
0x00007ff86f340000 - 0x00007ff86f38d000 	C:\WINDOWS\SYSTEM32\POWRPROF.dll
0x00007ff86f320000 - 0x00007ff86f333000 	C:\WINDOWS\SYSTEM32\UMPDC.dll
0x00007ff865120000 - 0x00007ff865150000 	C:\WINDOWS\SYSTEM32\amdihk64.dll
0x00007ff86af00000 - 0x00007ff86af44000 	C:\WINDOWS\SYSTEM32\directxdatabasehelper.dll
0x00007ff86e510000 - 0x00007ff86e544000 	C:\WINDOWS\SYSTEM32\ntmarta.dll

dbghelp: loaded successfully - version: 4.0.5 - missing functions: none
symbol engine: initialized successfully - sym options: 0x614 - pdb path: .;C:\Program Files\Java\jdk-19\bin;C:\WINDOWS\SYSTEM32;C:\WINDOWS\WinSxS\amd64_microsoft.windows.common-controls_6595b64144ccf1df_6.0.22000.120_none_9d947278b86cc467;C:\Program Files\Java\jdk-19\bin\server;C:\WINDOWS\System32\DriverStore\FileRepository\u0369825.inf_amd64_d21434249e94d178\B369681

VM Arguments:
jvm_args: -Dfile.encoding=UTF-8 
java_command: base.transaksipembelian
java_class_path (initial): C:\Program Files\NetBeans-15\netbeans\java\modules\ext\AbsoluteLayout.jar;C:\Users\lenovo\Documents\mysql-connector-java-8.0.27.jar;C:\Users\lenovo\Documents\JCalendar-1.3.3.jar;C:\Users\lenovo\Documents\NetBeansProjects\umkm\build\classes
Launcher Type: SUN_STANDARD

[Global flags]
     intx CICompilerCount                          = 2                                         {product} {ergonomic}
     uint ConcGCThreads                            = 1                                         {product} {ergonomic}
     uint G1ConcRefinementThreads                  = 2                                         {product} {ergonomic}
   size_t G1HeapRegionSize                         = 1048576                                   {product} {ergonomic}
    uintx GCDrainStackTargetSize                   = 64                                        {product} {ergonomic}
   size_t InitialHeapSize                          = 58720256                                  {product} {ergonomic}
   size_t MarkStackSize                            = 4194304                                   {product} {ergonomic}
   size_t MaxHeapSize                              = 908066816                                 {product} {ergonomic}
   size_t MaxNewSize                               = 544210944                                 {product} {ergonomic}
   size_t MinHeapDeltaBytes                        = 1048576                                   {product} {ergonomic}
   size_t MinHeapSize                              = 8388608                                   {product} {ergonomic}
    uintx NonNMethodCodeHeapSize                   = 5826188                                {pd product} {ergonomic}
    uintx NonProfiledCodeHeapSize                  = 122916026                              {pd product} {ergonomic}
    uintx ProfiledCodeHeapSize                     = 122916026                              {pd product} {ergonomic}
    uintx ReservedCodeCacheSize                    = 251658240                              {pd product} {ergonomic}
     bool SegmentedCodeCache                       = true                                      {product} {ergonomic}
   size_t SoftMaxHeapSize                          = 908066816                              {manageable} {ergonomic}
     bool UseCompressedClassPointers               = true                           {product lp64_product} {ergonomic}
     bool UseCompressedOops                        = true                           {product lp64_product} {ergonomic}
     bool UseG1GC                                  = true                                      {product} {ergonomic}
     bool UseLargePagesIndividualAllocation        = false                                  {pd product} {ergonomic}

Logging:
Log output configuration:
 #0: stdout all=warning uptime,level,tags foldmultilines=false
 #1: stderr all=off uptime,level,tags foldmultilines=false

Environment Variables:
PATH=C:\Program Files\Common Files\Oracle\Java\javapath;C:\Program Files (x86)\Common Files\Oracle\Java\javapath;C:\WINDOWS\system32;C:\WINDOWS;C:\WINDOWS\System32\Wbem;C:\WINDOWS\System32\WindowsPowerShell\v1.0\;C:\WINDOWS\System32\OpenSSH\;C:\Users\lenovo\AppData\Local\Microsoft\WindowsApps;
USERNAME=lenovo
OS=Windows_NT
PROCESSOR_IDENTIFIER=AMD64 Family 23 Model 24 Stepping 1, AuthenticAMD
TMP=C:\Users\lenovo\AppData\Local\Temp
TEMP=C:\Users\lenovo\AppData\Local\Temp



---------------  S Y S T E M  ---------------

OS:
 Windows 11 , 64 bit Build 22000 (10.0.22000.1219)
OS uptime: 7 days 0:19 hours

CPU: total 2 (initial active 2) (2 cores per cpu, 1 threads per core) family 23 model 24 stepping 1 microcode 0x0, cx8, cmov, fxsr, mmx, 3dnowpref, sse, sse2, sse3, ssse3, sse4a, sse4.1, sse4.2, popcnt, lzcnt, tsc, tscinvbit, avx, avx2, aes, clmul, bmi1, bmi2, adx, sha, fma, vzeroupper, clflush, clflushopt, rdtscp

Memory: 4k page, system-wide physical 3460M (164M free)
TotalPageFile size 14212M (AvailPageFile size 2M)
current process WorkingSet (physical memory assigned to process): 54M, peak: 54M
current process commit charge ("private bytes"): 143M, peak: 143M

vm_info: Java HotSpot(TM) 64-Bit Server VM (19+36-2238) for windows-amd64 JRE (19+36-2238), built on 2022-08-12T20:29:01Z by "mach5one" with MS VC++ 17.1 (VS2022)

END.
